#
# There is insufficient memory for the Java Runtime Environment to continue.
# Native memory allocation (mmap) failed to map 1048576 bytes for Failed to commit area from 0x0000000090500000 to 0x0000000090600000 of length 1048576.
# Possible reasons:
#   The system is out of physical RAM or swap space
#   The process is running with CompressedOops enabled, and the Java Heap may be blocking the growth of the native heap
# Possible solutions:
#   Reduce memory load on the system
#   Increase physical memory or swap space
#   Check if swap backing store is full
#   Decrease Java heap size (-Xmx/-Xms)
#   Decrease number of Java threads
#   Decrease Java thread stack sizes (-Xss)
#   Set larger code cache with -XX:ReservedCodeCacheSize=
#   JVM is running with Unscaled Compressed Oops mode in which the Java heap is
#     placed in the first 4GB address space. The Java Heap base address is the
#     maximum limit for the native heap growth. Please use -XX:HeapBaseMinAddress
#     to set the Java Heap base and to place the Java Heap above 4GB virtual address.
# This output file may be truncated or incomplete.
#
#  Out of Memory Error (./src/hotspot/os/windows/os_windows.cpp:3301), pid=39104, tid=39892
#
# JRE version: OpenJDK Runtime Environment (11.0.10) (build 11.0.10+0-b96-7249189)
# Java VM: OpenJDK 64-Bit Server VM (11.0.10+0-b96-7249189, mixed mode, tiered, compressed oops, g1 gc, windows-amd64)
# No core dump will be written. Minidumps are not enabled by default on client versions of Windows
#

---------------  S U M M A R Y ------------

Command Line: --add-opens=java.base/java.util=ALL-UNNAMED --add-opens=java.base/java.lang=ALL-UNNAMED --add-opens=java.base/java.lang.invoke=ALL-UNNAMED --add-opens=java.base/java.util=ALL-UNNAMED --add-opens=java.prefs/java.util.prefs=ALL-UNNAMED --add-opens=java.prefs/java.util.prefs=ALL-UNNAMED --add-opens=java.base/java.nio.charset=ALL-UNNAMED --add-opens=java.base/java.net=ALL-UNNAMED --add-opens=java.base/java.util.concurrent.atomic=ALL-UNNAMED -Xmx2048m -Dfile.encoding=UTF-8 -Duser.country=GB -Duser.language=en -Duser.variant org.gradle.launcher.daemon.bootstrap.GradleDaemon 7.0.2

Host: 11th Gen Intel(R) Core(TM) i7-1165G7 @ 2.80GHz, 8 cores, 15G,  Windows 10 , 64 bit Build 19041 (10.0.19041.3636)
Time: Sun Mar 31 17:41:16 2024 GMT Daylight Time elapsed time: 3638.897451 seconds (0d 1h 0m 38s)

---------------  T H R E A D  ---------------

Current thread (0x00000163bcb4b800):  GCTaskThread "GC Thread#6" [stack: 0x000000306c500000,0x000000306c600000] [id=39892]

Stack: [0x000000306c500000,0x000000306c600000]
[error occurred during error reporting (printing stack bounds), id 0xc0000005, EXCEPTION_ACCESS_VIOLATION (0xc0000005) at pc=0x00000163a3e110e7]

Native frames: (J=compiled Java code, j=interpreted, Vv=VM code, C=native code)
V  [jvm.dll+0x5ecfaa]
V  [jvm.dll+0x722bd5]
V  [jvm.dll+0x72412d]
V  [jvm.dll+0x724745]
V  [jvm.dll+0x7246fb]
V  [jvm.dll+0x5ec348]
V  [jvm.dll+0x5ecad8]
C  [ntdll.dll+0xa23af]
C  [ntdll.dll+0x514b4]
C  [ntdll.dll+0xa0ebe]
C  0x00000163a3e110e7


---------------  P R O C E S S  ---------------

Threads class SMR info:
_java_thread_list=0x00000163c3819d10, length=66, elements={
0x00000163a0351800, 0x00000163ba7b2000, 0x00000163ba7bb800, 0x00000163bb0ab800,
0x00000163bb0ac000, 0x00000163bb0ae000, 0x00000163bb0af800, 0x00000163bb0b2800,
0x00000163bb0c1000, 0x00000163bb221800, 0x00000163bd4a7800, 0x00000163bd165800,
0x00000163bd3de000, 0x00000163bdb7f000, 0x00000163bdb7f800, 0x00000163bdb80800,
0x00000163bdb81000, 0x00000163bdb7d000, 0x00000163bd879800, 0x00000163bd874800,
0x00000163bd876000, 0x00000163bd878800, 0x00000163bd875800, 0x00000163c213a000,
0x00000163c2139000, 0x00000163c213b800, 0x00000163c2140000, 0x00000163c213f000,
0x00000163c213b000, 0x00000163c2144800, 0x00000163c0271800, 0x00000163c026c000,
0x00000163c0278000, 0x00000163c0272800, 0x00000163c0275000, 0x00000163c0277800,
0x00000163c026e800, 0x00000163c026f000, 0x00000163c026b000, 0x00000163c026c800,
0x00000163c0269800, 0x00000163c0270000, 0x00000163c026a000, 0x00000163c0271000,
0x00000163c0275800, 0x00000163c0276800, 0x00000163c0273000, 0x00000163c0274000,
0x00000163c033a000, 0x00000163c033b800, 0x00000163c033f000, 0x00000163c033d800,
0x00000163c033e000, 0x00000163c0339800, 0x00000163c0341800, 0x00000163c0342800,
0x00000163c033c800, 0x00000163c0345800, 0x00000163c0343000, 0x00000163c0340000,
0x00000163c0344000, 0x00000163c0340800, 0x00000163c0344800, 0x00000163c0348000,
0x00000163c2141800, 0x00000163c213e000
}

Java Threads: ( => current thread )
  0x00000163a0351800 JavaThread "main" [_thread_blocked, id=28364, stack(0x000000306a300000,0x000000306a400000)]
  0x00000163ba7b2000 JavaThread "Reference Handler" daemon [_thread_blocked, id=36544, stack(0x000000306aa00000,0x000000306ab00000)]
  0x00000163ba7bb800 JavaThread "Finalizer" daemon [_thread_blocked, id=16512, stack(0x000000306ab00000,0x000000306ac00000)]
  0x00000163bb0ab800 JavaThread "Signal Dispatcher" daemon [_thread_blocked, id=14136, stack(0x000000306ac00000,0x000000306ad00000)]
  0x00000163bb0ac000 JavaThread "Attach Listener" daemon [_thread_blocked, id=29964, stack(0x000000306ad00000,0x000000306ae00000)]
  0x00000163bb0ae000 JavaThread "Service Thread" daemon [_thread_blocked, id=37416, stack(0x000000306ae00000,0x000000306af00000)]
  0x00000163bb0af800 JavaThread "C2 CompilerThread0" daemon [_thread_in_native, id=14560, stack(0x000000306af00000,0x000000306b000000)]
  0x00000163bb0b2800 JavaThread "C1 CompilerThread0" daemon [_thread_blocked, id=36288, stack(0x000000306b000000,0x000000306b100000)]
  0x00000163bb0c1000 JavaThread "Sweeper thread" daemon [_thread_blocked, id=40768, stack(0x000000306b100000,0x000000306b200000)]
  0x00000163bb221800 JavaThread "Common-Cleaner" daemon [_thread_blocked, id=38844, stack(0x000000306b200000,0x000000306b300000)]
  0x00000163bd4a7800 JavaThread "Daemon health stats" [_thread_blocked, id=29860, stack(0x000000306bb00000,0x000000306bc00000)]
  0x00000163bd165800 JavaThread "Incoming local TCP Connector on port 51517" [_thread_in_native, id=36456, stack(0x000000306b400000,0x000000306b500000)]
  0x00000163bd3de000 JavaThread "Daemon periodic checks" [_thread_blocked, id=30868, stack(0x000000306ba00000,0x000000306bb00000)]
  0x00000163bdb7f000 JavaThread "Cache worker for file hash cache (C:\Users\ageci\.gradle\caches\7.0.2\fileHashes)" [_thread_blocked, id=3740, stack(0x000000306c000000,0x000000306c100000)]
  0x00000163bdb7f800 JavaThread "File lock request listener" [_thread_in_native, id=33148, stack(0x000000306c400000,0x000000306c500000)]
  0x00000163bdb80800 JavaThread "Cache worker for journal cache (C:\Users\ageci\.gradle\caches\journal-1)" [_thread_blocked, id=30656, stack(0x000000306c800000,0x000000306c900000)]
  0x00000163bdb81000 JavaThread "File watcher server" daemon [_thread_blocked, id=29460, stack(0x000000306cb00000,0x000000306cc00000)]
  0x00000163bdb7d000 JavaThread "File watcher consumer" daemon [_thread_blocked, id=11064, stack(0x000000306cc00000,0x000000306cd00000)]
  0x00000163bd879800 JavaThread "Cache worker for execution history cache (C:\Users\ageci\.gradle\caches\7.0.2\executionHistory)" [_thread_blocked, id=35748, stack(0x000000306d000000,0x000000306d100000)]
  0x00000163bd874800 JavaThread "jar transforms" [_thread_blocked, id=32880, stack(0x000000306d200000,0x000000306d300000)]
  0x00000163bd876000 JavaThread "jar transforms Thread 2" [_thread_blocked, id=33164, stack(0x000000306d300000,0x000000306d400000)]
  0x00000163bd878800 JavaThread "Cache worker for file content cache (C:\Users\ageci\.gradle\caches\7.0.2\fileContent)" [_thread_blocked, id=40452, stack(0x000000306d400000,0x000000306d500000)]
  0x00000163bd875800 JavaThread "jar transforms Thread 3" [_thread_blocked, id=7400, stack(0x000000306d600000,0x000000306d700000)]
  0x00000163c213a000 JavaThread "jar transforms Thread 4" [_thread_blocked, id=37000, stack(0x000000306e000000,0x000000306e100000)]
  0x00000163c2139000 JavaThread "jar transforms Thread 5" [_thread_blocked, id=34668, stack(0x000000306e100000,0x000000306e200000)]
  0x00000163c213b800 JavaThread "jar transforms Thread 6" [_thread_blocked, id=39672, stack(0x000000306e200000,0x000000306e300000)]
  0x00000163c2140000 JavaThread "jar transforms Thread 7" [_thread_blocked, id=20452, stack(0x000000306e300000,0x000000306e400000)]
  0x00000163c213f000 JavaThread "jar transforms Thread 8" [_thread_blocked, id=32908, stack(0x000000306e400000,0x000000306e500000)]
  0x00000163c213b000 JavaThread "Memory manager" [_thread_blocked, id=28012, stack(0x000000306e700000,0x000000306e800000)]
  0x00000163c2144800 JavaThread "Cache worker for Java compile cache (C:\Users\ageci\.gradle\caches\7.0.2\javaCompile)" [_thread_blocked, id=38812, stack(0x000000306f100000,0x000000306f200000)]
  0x00000163c0271800 JavaThread "ForkJoinPool.commonPool-worker-1" daemon [_thread_blocked, id=920, stack(0x0000003070200000,0x0000003070300000)]
  0x00000163c026c000 JavaThread "ForkJoinPool.commonPool-worker-5" daemon [_thread_blocked, id=12296, stack(0x0000003070300000,0x0000003070400000)]
  0x00000163c0278000 JavaThread "ForkJoinPool.commonPool-worker-7" daemon [_thread_blocked, id=41312, stack(0x0000003070400000,0x0000003070500000)]
  0x00000163c0272800 JavaThread "ForkJoinPool.commonPool-worker-9" daemon [_thread_blocked, id=36416, stack(0x0000003070500000,0x0000003070600000)]
  0x00000163c0275000 JavaThread "ForkJoinPool.commonPool-worker-11" daemon [_thread_blocked, id=19408, stack(0x0000003070600000,0x0000003070700000)]
  0x00000163c0277800 JavaThread "ForkJoinPool.commonPool-worker-13" daemon [_thread_blocked, id=28896, stack(0x0000003070700000,0x0000003070800000)]
  0x00000163c026e800 JavaThread "Daemon Thread 3" [_thread_blocked, id=30724, stack(0x000000306bc00000,0x000000306bd00000)]
  0x00000163c026f000 JavaThread "Handler for socket connection from /127.0.0.1:51517 to /127.0.0.1:53330" [_thread_in_native, id=14748, stack(0x000000306bd00000,0x000000306be00000)]
  0x00000163c026b000 JavaThread "Cancel handler" [_thread_blocked, id=30620, stack(0x000000306be00000,0x000000306bf00000)]
  0x00000163c026c800 JavaThread "Daemon worker Thread 3" [_thread_blocked, id=13516, stack(0x000000306bf00000,0x000000306c000000)]
  0x00000163c0269800 JavaThread "Asynchronous log dispatcher for DefaultDaemonConnection: socket connection from /127.0.0.1:51517 to /127.0.0.1:53330" [_thread_blocked, id=28536, stack(0x000000306c100000,0x000000306c200000)]
  0x00000163c0270000 JavaThread "Stdin handler" [_thread_blocked, id=13456, stack(0x000000306c200000,0x000000306c300000)]
  0x00000163c026a000 JavaThread "Daemon client event forwarder" [_thread_blocked, id=23520, stack(0x000000306c300000,0x000000306c400000)]
  0x00000163c0271000 JavaThread "Cache worker for file hash cache (C:\Users\ageci\AndroidStudioProjects\PositionMe SensorFusion\PositionMe\.gradle\7.0.2\fileHashes)" [_thread_blocked, id=15860, stack(0x000000306c900000,0x000000306ca00000)]
  0x00000163c0275800 JavaThread "Cache worker for checksums cache (C:\Users\ageci\AndroidStudioProjects\PositionMe SensorFusion\PositionMe\.gradle\checksums)" [_thread_blocked, id=33832, stack(0x000000306ca00000,0x000000306cb00000)]
  0x00000163c0276800 JavaThread "Cache worker for cache directory md-supplier (C:\Users\ageci\.gradle\caches\7.0.2\md-supplier)" [_thread_blocked, id=2592, stack(0x000000306cd00000,0x000000306ce00000)]
  0x00000163c0273000 JavaThread "Cache worker for cache directory md-rule (C:\Users\ageci\.gradle\caches\7.0.2\md-rule)" [_thread_blocked, id=39788, stack(0x000000306ce00000,0x000000306cf00000)]
  0x00000163c0274000 JavaThread "Cache worker for dependencies-accessors (C:\Users\ageci\AndroidStudioProjects\PositionMe SensorFusion\PositionMe\.gradle\7.0.2\dependencies-accessors)" [_thread_blocked, id=14640, stack(0x000000306cf00000,0x000000306d000000)]
  0x00000163c033a000 JavaThread "Cache worker for Build Output Cleanup Cache (C:\Users\ageci\AndroidStudioProjects\PositionMe SensorFusion\PositionMe\.gradle\buildOutputCleanup)" [_thread_blocked, id=29656, stack(0x000000306d100000,0x000000306d200000)]
  0x00000163c033b800 JavaThread "Build operations" [_thread_blocked, id=1484, stack(0x000000306d500000,0x000000306d600000)]
  0x00000163c033f000 JavaThread "Build operations Thread 2" [_thread_blocked, id=41752, stack(0x000000306d700000,0x000000306d800000)]
  0x00000163c033d800 JavaThread "Build operations Thread 3" [_thread_blocked, id=37540, stack(0x000000306d800000,0x000000306d900000)]
  0x00000163c033e000 JavaThread "Build operations Thread 4" [_thread_blocked, id=29664, stack(0x000000306d900000,0x000000306da00000)]
  0x00000163c0339800 JavaThread "Build operations Thread 5" [_thread_blocked, id=33016, stack(0x000000306da00000,0x000000306db00000)]
  0x00000163c0341800 JavaThread "Build operations Thread 6" [_thread_blocked, id=29928, stack(0x000000306db00000,0x000000306dc00000)]
  0x00000163c0342800 JavaThread "Build operations Thread 7" [_thread_blocked, id=30072, stack(0x000000306dc00000,0x000000306dd00000)]
  0x00000163c033c800 JavaThread "Build operations Thread 8" [_thread_blocked, id=26792, stack(0x000000306dd00000,0x000000306de00000)]
  0x00000163c0345800 JavaThread "build event listener" [_thread_blocked, id=36084, stack(0x000000306de00000,0x000000306df00000)]
  0x00000163c0343000 JavaThread "Execution worker for ':'" [_thread_blocked, id=16160, stack(0x000000306df00000,0x000000306e000000)]
  0x00000163c0340000 JavaThread "Execution worker for ':' Thread 2" [_thread_blocked, id=19604, stack(0x000000306e500000,0x000000306e600000)]
  0x00000163c0344000 JavaThread "Execution worker for ':' Thread 3" [_thread_blocked, id=20212, stack(0x000000306e600000,0x000000306e700000)]
  0x00000163c0340800 JavaThread "Execution worker for ':' Thread 4" [_thread_blocked, id=11268, stack(0x000000306e800000,0x000000306e900000)]
  0x00000163c0344800 JavaThread "Execution worker for ':' Thread 5" [_thread_blocked, id=29764, stack(0x000000306e900000,0x000000306ea00000)]
  0x00000163c0348000 JavaThread "Execution worker for ':' Thread 6" [_thread_blocked, id=41392, stack(0x000000306ea00000,0x000000306eb00000)]
  0x00000163c2141800 JavaThread "Execution worker for ':' Thread 7" [_thread_blocked, id=41868, stack(0x000000306eb00000,0x000000306ec00000)]
  0x00000163c213e000 JavaThread "Cache worker for execution history cache (C:\Users\ageci\AndroidStudioProjects\PositionMe SensorFusion\PositionMe\.gradle\7.0.2\executionHistory)" [_thread_blocked, id=25672, stack(0x000000306ec00000,0x000000306ed00000)]

Other Threads:
  0x00000163bb057000 VMThread "VM Thread" [stack: 0x000000306a900000,0x000000306aa00000] [id=39384]
  0x00000163bb233000 WatcherThread [stack: 0x000000306b300000,0x000000306b400000] [id=28192]
  0x00000163a0369800 GCTaskThread "GC Thread#0" [stack: 0x000000306a400000,0x000000306a500000] [id=34912]
  0x00000163bb56f000 GCTaskThread "GC Thread#1" [stack: 0x000000306b500000,0x000000306b600000] [id=5420]
  0x00000163bb8f2000 GCTaskThread "GC Thread#2" [stack: 0x000000306b600000,0x000000306b700000] [id=39828]
  0x00000163bb7e7000 GCTaskThread "GC Thread#3" [stack: 0x000000306b700000,0x000000306b800000] [id=20712]
  0x00000163bb7e4000 GCTaskThread "GC Thread#4" [stack: 0x000000306b800000,0x000000306b900000] [id=39548]
  0x00000163bb170800 GCTaskThread "GC Thread#5" [stack: 0x000000306b900000,0x000000306ba00000] [id=24204]
=>0x00000163bcb4b800 GCTaskThread "GC Thread#6" [stack: 0x000000306c500000,0x000000306c600000] [id=39892]
  0x00000163bdd8c000 GCTaskThread "GC Thread#7" [stack: 0x000000306c600000,0x000000306c700000] [id=4556]
  0x00000163a039b000 ConcurrentGCThread "G1 Main Marker" [stack: 0x000000306a500000,0x000000306a600000] [id=39372]
  0x00000163a039d000 ConcurrentGCThread "G1 Conc#0" [stack: 0x000000306a600000,0x000000306a700000] [id=39304]
  0x00000163bbdd9800 ConcurrentGCThread "G1 Conc#1" [stack: 0x000000306c700000,0x000000306c800000] [id=33576]
  0x00000163ba67a800 ConcurrentGCThread "G1 Refine#0" [stack: 0x000000306a700000,0x000000306a800000] [id=36888]
  0x00000163c3707800 ConcurrentGCThread "G1 Refine#1" [stack: 0x000000306f300000,0x000000306f400000] [id=24784]
  0x00000163c4130800 ConcurrentGCThread "G1 Refine#2" [stack: 0x000000306f400000,0x000000306f500000] [id=32948]
  0x00000163bcb57000 ConcurrentGCThread "G1 Refine#3" [stack: 0x000000306f500000,0x000000306f600000] [id=30824]
  0x00000163c6159000 ConcurrentGCThread "G1 Refine#4" [stack: 0x000000306f600000,0x000000306f700000] [id=21340]
  0x00000163c07ac800 ConcurrentGCThread "G1 Refine#5" [stack: 0x000000306f700000,0x000000306f800000] [id=38468]
  0x00000163ba67b800 ConcurrentGCThread "G1 Young RemSet Sampling" [stack: 0x000000306a800000,0x000000306a900000] [id=38656]

Threads with active compile tasks:
C2 CompilerThread03638948 22201       4       org.apache.xerces.impl.XMLNSDocumentScannerImpl::scanStartElement (873 bytes)

VM state:at safepoint (normal execution)

VM Mutex/Monitor currently owned by a thread:  ([mutex/lock_event])
[0x00000163a034efe0] FreeList_lock - owner thread: 0x00000163bcb4b800
[0x00000163a034d7b0] Threads_lock - owner thread: 0x00000163bb057000
[0x00000163a034f580] Heap_lock - owner thread: 0x00000163c0344000

Heap address: 0x0000000080000000, size: 2048 MB, Compressed Oops mode: 32-bit
Narrow klass base: 0x0000000000000000, Narrow klass shift: 3
Compressed class space size: 1073741824 Address: 0x0000000100000000

Heap:
 garbage-first heap   total 268288K, used 255881K [0x0000000080000000, 0x0000000100000000)
  region size 1024K, 85 young (87040K), 10 survivors (10240K)
 Metaspace       used 121309K, capacity 124383K, committed 125952K, reserved 1159168K
  class space    used 15057K, capacity 16192K, committed 16896K, reserved 1048576K
Heap Regions: E=young(eden), S=young(survivor), O=old, HS=humongous(starts), HC=humongous(continues), CS=collection set, F=free, A=archive, TAMS=top-at-mark-start (previous, next)
|   0|0x0000000080000000, 0x0000000080100000, 0x0000000080100000|100%| O|  |TAMS 0x0000000080100000, 0x0000000080000000| Untracked 
|   1|0x0000000080100000, 0x0000000080200000, 0x0000000080200000|100%| O|  |TAMS 0x0000000080200000, 0x0000000080100000| Untracked 
|   2|0x0000000080200000, 0x0000000080300000, 0x0000000080300000|100%| O|  |TAMS 0x0000000080300000, 0x0000000080200000| Untracked 
|   3|0x0000000080300000, 0x0000000080400000, 0x0000000080400000|100%|HS|  |TAMS 0x0000000080400000, 0x0000000080300000| Complete 
|   4|0x0000000080400000, 0x0000000080500000, 0x0000000080500000|100%|HC|  |TAMS 0x0000000080500000, 0x0000000080400000| Complete 
|   5|0x0000000080500000, 0x0000000080600000, 0x0000000080600000|100%|HC|  |TAMS 0x0000000080600000, 0x0000000080500000| Complete 
|   6|0x0000000080600000, 0x0000000080700000, 0x0000000080700000|100%| O|  |TAMS 0x0000000080700000, 0x0000000080600000| Complete 
|   7|0x0000000080700000, 0x0000000080800000, 0x0000000080800000|100%| O|  |TAMS 0x0000000080800000, 0x0000000080700000| Untracked 
|   8|0x0000000080800000, 0x0000000080900000, 0x0000000080900000|100%| O|  |TAMS 0x0000000080900000, 0x0000000080800000| Untracked 
|   9|0x0000000080900000, 0x0000000080a00000, 0x0000000080a00000|100%| O|  |TAMS 0x0000000080a00000, 0x0000000080900000| Untracked 
|  10|0x0000000080a00000, 0x0000000080b00000, 0x0000000080b00000|100%| O|  |TAMS 0x0000000080b00000, 0x0000000080a00000| Complete 
|  11|0x0000000080b00000, 0x0000000080c00000, 0x0000000080c00000|100%| O|  |TAMS 0x0000000080c00000, 0x0000000080b00000| Untracked 
|  12|0x0000000080c00000, 0x0000000080d00000, 0x0000000080d00000|100%| O|  |TAMS 0x0000000080d00000, 0x0000000080c00000| Untracked 
|  13|0x0000000080d00000, 0x0000000080e00000, 0x0000000080e00000|100%| O|  |TAMS 0x0000000080e00000, 0x0000000080d00000| Untracked 
|  14|0x0000000080e00000, 0x0000000080f00000, 0x0000000080f00000|100%| O|  |TAMS 0x0000000080f00000, 0x0000000080e00000| Complete 
|  15|0x0000000080f00000, 0x0000000081000000, 0x0000000081000000|100%| O|  |TAMS 0x0000000081000000, 0x0000000080f00000| Complete 
|  16|0x0000000081000000, 0x0000000081100000, 0x0000000081100000|100%|HS|  |TAMS 0x0000000081100000, 0x0000000081000000| Complete 
|  17|0x0000000081100000, 0x0000000081200000, 0x0000000081200000|100%|HS|  |TAMS 0x0000000081200000, 0x0000000081100000| Complete 
|  18|0x0000000081200000, 0x0000000081300000, 0x0000000081300000|100%|HS|  |TAMS 0x0000000081300000, 0x0000000081200000| Complete 
|  19|0x0000000081300000, 0x0000000081400000, 0x0000000081400000|100%|HS|  |TAMS 0x0000000081400000, 0x0000000081300000| Complete 
|  20|0x0000000081400000, 0x0000000081500000, 0x0000000081500000|100%|HC|  |TAMS 0x0000000081500000, 0x0000000081400000| Complete 
|  21|0x0000000081500000, 0x0000000081600000, 0x0000000081600000|100%|HC|  |TAMS 0x0000000081600000, 0x0000000081500000| Complete 
|  22|0x0000000081600000, 0x0000000081700000, 0x0000000081700000|100%|HS|  |TAMS 0x0000000081700000, 0x0000000081600000| Complete 
|  23|0x0000000081700000, 0x0000000081800000, 0x0000000081800000|100%|HC|  |TAMS 0x0000000081800000, 0x0000000081700000| Complete 
|  24|0x0000000081800000, 0x0000000081900000, 0x0000000081900000|100%| O|  |TAMS 0x0000000081900000, 0x0000000081800000| Untracked 
|  25|0x0000000081900000, 0x0000000081a00000, 0x0000000081a00000|100%| O|  |TAMS 0x0000000081a00000, 0x0000000081900000| Complete 
|  26|0x0000000081a00000, 0x0000000081b00000, 0x0000000081b00000|100%| O|  |TAMS 0x0000000081b00000, 0x0000000081a00000| Complete 
|  27|0x0000000081b00000, 0x0000000081c00000, 0x0000000081c00000|100%| O|  |TAMS 0x0000000081c00000, 0x0000000081b00000| Complete 
|  28|0x0000000081c00000, 0x0000000081d00000, 0x0000000081d00000|100%| O|  |TAMS 0x0000000081d00000, 0x0000000081c00000| Complete 
|  29|0x0000000081d00000, 0x0000000081e00000, 0x0000000081e00000|100%| O|  |TAMS 0x0000000081e00000, 0x0000000081d00000| Complete 
|  30|0x0000000081e00000, 0x0000000081f00000, 0x0000000081f00000|100%| O|  |TAMS 0x0000000081f00000, 0x0000000081e00000| Complete 
|  31|0x0000000081f00000, 0x0000000082000000, 0x0000000082000000|100%| O|  |TAMS 0x0000000082000000, 0x0000000081f00000| Untracked 
|  32|0x0000000082000000, 0x0000000082100000, 0x0000000082100000|100%| O|  |TAMS 0x0000000082100000, 0x0000000082000000| Untracked 
|  33|0x0000000082100000, 0x0000000082200000, 0x0000000082200000|100%| O|  |TAMS 0x0000000082200000, 0x0000000082100000| Untracked 
|  34|0x0000000082200000, 0x0000000082300000, 0x0000000082300000|100%| O|  |TAMS 0x0000000082300000, 0x0000000082200000| Complete 
|  35|0x0000000082300000, 0x0000000082400000, 0x0000000082400000|100%| O|  |TAMS 0x0000000082400000, 0x0000000082300000| Complete 
|  36|0x0000000082400000, 0x0000000082500000, 0x0000000082500000|100%| O|  |TAMS 0x0000000082500000, 0x0000000082400000| Untracked 
|  37|0x0000000082500000, 0x0000000082600000, 0x0000000082600000|100%| O|  |TAMS 0x0000000082600000, 0x0000000082500000| Complete 
|  38|0x0000000082600000, 0x0000000082700000, 0x0000000082700000|100%| O|  |TAMS 0x0000000082700000, 0x0000000082600000| Untracked 
|  39|0x0000000082700000, 0x0000000082800000, 0x0000000082800000|100%| O|  |TAMS 0x0000000082800000, 0x0000000082700000| Complete 
|  40|0x0000000082800000, 0x0000000082900000, 0x0000000082900000|100%| O|  |TAMS 0x0000000082900000, 0x0000000082800000| Complete 
|  41|0x0000000082900000, 0x0000000082a00000, 0x0000000082a00000|100%| O|  |TAMS 0x0000000082a00000, 0x0000000082900000| Complete 
|  42|0x0000000082a00000, 0x0000000082b00000, 0x0000000082b00000|100%| O|  |TAMS 0x0000000082b00000, 0x0000000082a00000| Complete 
|  43|0x0000000082b00000, 0x0000000082c00000, 0x0000000082c00000|100%| O|  |TAMS 0x0000000082c00000, 0x0000000082b00000| Untracked 
|  44|0x0000000082c00000, 0x0000000082d00000, 0x0000000082d00000|100%| O|  |TAMS 0x0000000082d00000, 0x0000000082c00000| Complete 
|  45|0x0000000082d00000, 0x0000000082e00000, 0x0000000082e00000|100%| O|  |TAMS 0x0000000082e00000, 0x0000000082d00000| Complete 
|  46|0x0000000082e00000, 0x0000000082f00000, 0x0000000082f00000|100%| O|  |TAMS 0x0000000082f00000, 0x0000000082e00000| Complete 
|  47|0x0000000082f00000, 0x0000000083000000, 0x0000000083000000|100%|HS|  |TAMS 0x0000000082f00000, 0x0000000082f00000| Complete 
|  48|0x0000000083000000, 0x0000000083100000, 0x0000000083100000|100%|HC|  |TAMS 0x0000000083000000, 0x0000000083000000| Complete 
|  49|0x0000000083100000, 0x0000000083200000, 0x0000000083200000|100%|HS|  |TAMS 0x0000000083100000, 0x0000000083100000| Complete 
|  50|0x0000000083200000, 0x0000000083300000, 0x0000000083300000|100%|HC|  |TAMS 0x0000000083200000, 0x0000000083200000| Complete 
|  51|0x0000000083300000, 0x0000000083400000, 0x0000000083400000|100%| O|  |TAMS 0x0000000083400000, 0x0000000083300000| Untracked 
|  52|0x0000000083400000, 0x0000000083500000, 0x0000000083500000|100%| O|  |TAMS 0x0000000083500000, 0x0000000083400000| Complete 
|  53|0x0000000083500000, 0x0000000083600000, 0x0000000083600000|100%| O|  |TAMS 0x0000000083600000, 0x0000000083500000| Complete 
|  54|0x0000000083600000, 0x0000000083700000, 0x0000000083700000|100%| O|  |TAMS 0x0000000083700000, 0x0000000083600000| Untracked 
|  55|0x0000000083700000, 0x0000000083800000, 0x0000000083800000|100%| O|  |TAMS 0x0000000083800000, 0x0000000083700000| Untracked 
|  56|0x0000000083800000, 0x0000000083900000, 0x0000000083900000|100%| O|  |TAMS 0x0000000083900000, 0x0000000083800000| Complete 
|  57|0x0000000083900000, 0x0000000083a00000, 0x0000000083a00000|100%|HS|  |TAMS 0x0000000083900000, 0x0000000083900000| Complete 
|  58|0x0000000083a00000, 0x0000000083b00000, 0x0000000083b00000|100%|HC|  |TAMS 0x0000000083a00000, 0x0000000083a00000| Complete 
|  59|0x0000000083b00000, 0x0000000083c00000, 0x0000000083c00000|100%| O|  |TAMS 0x0000000083c00000, 0x0000000083b00000| Complete 
|  60|0x0000000083c00000, 0x0000000083d00000, 0x0000000083d00000|100%| O|  |TAMS 0x0000000083d00000, 0x0000000083c00000| Complete 
|  61|0x0000000083d00000, 0x0000000083e00000, 0x0000000083e00000|100%| O|  |TAMS 0x0000000083e00000, 0x0000000083d00000| Complete 
|  62|0x0000000083e00000, 0x0000000083f00000, 0x0000000083f00000|100%| S|  |TAMS 0x0000000083e00000, 0x0000000083e00000| Complete 
|  63|0x0000000083f00000, 0x0000000084000000, 0x0000000084000000|100%| O|  |TAMS 0x0000000084000000, 0x0000000083f00000| Complete 
|  64|0x0000000084000000, 0x0000000084100000, 0x0000000084100000|100%| O|  |TAMS 0x0000000084100000, 0x0000000084000000| Untracked 
|  65|0x0000000084100000, 0x0000000084200000, 0x0000000084200000|100%|HS|  |TAMS 0x0000000084100000, 0x0000000084100000| Complete 
|  66|0x0000000084200000, 0x0000000084300000, 0x0000000084300000|100%| O|  |TAMS 0x0000000084300000, 0x0000000084200000| Complete 
|  67|0x0000000084300000, 0x0000000084400000, 0x0000000084400000|100%| O|  |TAMS 0x0000000084400000, 0x0000000084300000| Complete 
|  68|0x0000000084400000, 0x0000000084500000, 0x0000000084500000|100%| O|  |TAMS 0x0000000084500000, 0x0000000084400000| Untracked 
|  69|0x0000000084500000, 0x0000000084600000, 0x0000000084600000|100%| O|  |TAMS 0x0000000084600000, 0x0000000084500000| Untracked 
|  70|0x0000000084600000, 0x0000000084700000, 0x0000000084700000|100%| S|  |TAMS 0x0000000084600000, 0x0000000084600000| Complete 
|  71|0x0000000084700000, 0x0000000084800000, 0x0000000084800000|100%| O|  |TAMS 0x0000000084800000, 0x0000000084700000| Complete 
|  72|0x0000000084800000, 0x0000000084900000, 0x0000000084900000|100%| O|  |TAMS 0x0000000084900000, 0x0000000084800000| Untracked 
|  73|0x0000000084900000, 0x0000000084a00000, 0x0000000084a00000|100%| O|  |TAMS 0x0000000084a00000, 0x0000000084900000| Untracked 
|  74|0x0000000084a00000, 0x0000000084b00000, 0x0000000084b00000|100%| O|  |TAMS 0x0000000084b00000, 0x0000000084a00000| Untracked 
|  75|0x0000000084b00000, 0x0000000084c00000, 0x0000000084c00000|100%| O|  |TAMS 0x0000000084c00000, 0x0000000084b00000| Complete 
|  76|0x0000000084c00000, 0x0000000084d00000, 0x0000000084d00000|100%| O|  |TAMS 0x0000000084d00000, 0x0000000084c00000| Untracked 
|  77|0x0000000084d00000, 0x0000000084e00000, 0x0000000084e00000|100%| O|  |TAMS 0x0000000084e00000, 0x0000000084d00000| Complete 
|  78|0x0000000084e00000, 0x0000000084f00000, 0x0000000084f00000|100%| O|  |TAMS 0x0000000084f00000, 0x0000000084e00000| Untracked 
|  79|0x0000000084f00000, 0x0000000085000000, 0x0000000085000000|100%| O|  |TAMS 0x0000000085000000, 0x0000000084f00000| Untracked 
|  80|0x0000000085000000, 0x0000000085100000, 0x0000000085100000|100%| O|  |TAMS 0x0000000085100000, 0x0000000085000000| Untracked 
|  81|0x0000000085100000, 0x0000000085200000, 0x0000000085200000|100%| O|  |TAMS 0x0000000085200000, 0x0000000085100000| Untracked 
|  82|0x0000000085200000, 0x0000000085300000, 0x0000000085300000|100%| O|  |TAMS 0x0000000085300000, 0x0000000085200000| Complete 
|  83|0x0000000085300000, 0x0000000085400000, 0x0000000085400000|100%| O|  |TAMS 0x0000000085400000, 0x0000000085300000| Untracked 
|  84|0x0000000085400000, 0x0000000085500000, 0x0000000085500000|100%| O|  |TAMS 0x0000000085500000, 0x0000000085400000| Untracked 
|  85|0x0000000085500000, 0x0000000085600000, 0x0000000085600000|100%| O|  |TAMS 0x0000000085600000, 0x0000000085500000| Complete 
|  86|0x0000000085600000, 0x0000000085700000, 0x0000000085700000|100%| O|  |TAMS 0x0000000085700000, 0x0000000085600000| Untracked 
|  87|0x0000000085700000, 0x0000000085800000, 0x0000000085800000|100%| S|  |TAMS 0x0000000085700000, 0x0000000085700000| Complete 
|  88|0x0000000085800000, 0x0000000085900000, 0x0000000085900000|100%| O|  |TAMS 0x0000000085900000, 0x0000000085800000| Untracked 
|  89|0x0000000085900000, 0x0000000085a00000, 0x0000000085a00000|100%| O|  |TAMS 0x0000000085a00000, 0x0000000085900000| Untracked 
|  90|0x0000000085a00000, 0x0000000085b00000, 0x0000000085b00000|100%| O|  |TAMS 0x0000000085a6ae00, 0x0000000085a00000| Untracked 
|  91|0x0000000085b00000, 0x0000000085c00000, 0x0000000085c00000|100%| O|  |TAMS 0x0000000085c00000, 0x0000000085b00000| Complete 
|  92|0x0000000085c00000, 0x0000000085d00000, 0x0000000085d00000|100%| O|  |TAMS 0x0000000085d00000, 0x0000000085c00000| Complete 
|  93|0x0000000085d00000, 0x0000000085e00000, 0x0000000085e00000|100%| O|  |TAMS 0x0000000085e00000, 0x0000000085d00000| Untracked 
|  94|0x0000000085e00000, 0x0000000085f00000, 0x0000000085f00000|100%| O|  |TAMS 0x0000000085f00000, 0x0000000085e00000| Complete 
|  95|0x0000000085f00000, 0x0000000086000000, 0x0000000086000000|100%| O|  |TAMS 0x0000000086000000, 0x0000000085f00000| Untracked 
|  96|0x0000000086000000, 0x0000000086100000, 0x0000000086100000|100%| S|  |TAMS 0x0000000086000000, 0x0000000086000000| Complete 
|  97|0x0000000086100000, 0x0000000086200000, 0x0000000086200000|100%| O|  |TAMS 0x0000000086200000, 0x0000000086100000| Complete 
|  98|0x0000000086200000, 0x0000000086300000, 0x0000000086300000|100%| O|  |TAMS 0x0000000086300000, 0x0000000086200000| Complete 
|  99|0x0000000086300000, 0x0000000086400000, 0x0000000086400000|100%|HS|  |TAMS 0x0000000086300000, 0x0000000086300000| Complete 
| 100|0x0000000086400000, 0x0000000086500000, 0x0000000086500000|100%|HC|  |TAMS 0x0000000086400000, 0x0000000086400000| Complete 
| 101|0x0000000086500000, 0x0000000086600000, 0x0000000086600000|100%| O|  |TAMS 0x0000000086600000, 0x0000000086500000| Complete 
| 102|0x0000000086600000, 0x0000000086700000, 0x0000000086700000|100%|HS|  |TAMS 0x0000000086600000, 0x0000000086600000| Complete 
| 103|0x0000000086700000, 0x0000000086800000, 0x0000000086800000|100%|HC|  |TAMS 0x0000000086700000, 0x0000000086700000| Complete 
| 104|0x0000000086800000, 0x0000000086900000, 0x0000000086900000|100%|HS|  |TAMS 0x0000000086800000, 0x0000000086800000| Complete 
| 105|0x0000000086900000, 0x0000000086a00000, 0x0000000086a00000|100%|HC|  |TAMS 0x0000000086900000, 0x0000000086900000| Complete 
| 106|0x0000000086a00000, 0x0000000086b00000, 0x0000000086b00000|100%|HS|  |TAMS 0x0000000086a00000, 0x0000000086a00000| Complete 
| 107|0x0000000086b00000, 0x0000000086c00000, 0x0000000086c00000|100%|HC|  |TAMS 0x0000000086b00000, 0x0000000086b00000| Complete 
| 108|0x0000000086c00000, 0x0000000086d00000, 0x0000000086d00000|100%| O|  |TAMS 0x0000000086d00000, 0x0000000086c00000| Untracked 
| 109|0x0000000086d00000, 0x0000000086e00000, 0x0000000086e00000|100%| O|  |TAMS 0x0000000086e00000, 0x0000000086d00000| Untracked 
| 110|0x0000000086e00000, 0x0000000086f00000, 0x0000000086f00000|100%| O|  |TAMS 0x0000000086f00000, 0x0000000086e00000| Complete 
| 111|0x0000000086f00000, 0x0000000087000000, 0x0000000087000000|100%|HS|  |TAMS 0x0000000086f00000, 0x0000000086f00000| Complete 
| 112|0x0000000087000000, 0x0000000087100000, 0x0000000087100000|100%|HC|  |TAMS 0x0000000087000000, 0x0000000087000000| Complete 
| 113|0x0000000087100000, 0x0000000087200000, 0x0000000087200000|100%| O|  |TAMS 0x0000000087200000, 0x0000000087100000| Complete 
| 114|0x0000000087200000, 0x0000000087300000, 0x0000000087300000|100%| O|  |TAMS 0x0000000087300000, 0x0000000087200000| Complete 
| 115|0x0000000087300000, 0x0000000087400000, 0x0000000087400000|100%| O|  |TAMS 0x0000000087400000, 0x0000000087300000| Complete 
| 116|0x0000000087400000, 0x0000000087500000, 0x0000000087500000|100%| O|  |TAMS 0x0000000087500000, 0x0000000087400000| Complete 
| 117|0x0000000087500000, 0x0000000087600000, 0x0000000087600000|100%| O|  |TAMS 0x0000000087600000, 0x0000000087500000| Untracked 
| 118|0x0000000087600000, 0x0000000087700000, 0x0000000087700000|100%| O|  |TAMS 0x0000000087700000, 0x0000000087600000| Complete 
| 119|0x0000000087700000, 0x0000000087800000, 0x0000000087800000|100%| O|  |TAMS 0x0000000087800000, 0x0000000087700000| Complete 
| 120|0x0000000087800000, 0x0000000087900000, 0x0000000087900000|100%| O|  |TAMS 0x0000000087900000, 0x0000000087800000| Complete 
| 121|0x0000000087900000, 0x0000000087a00000, 0x0000000087a00000|100%| O|  |TAMS 0x0000000087a00000, 0x0000000087900000| Complete 
| 122|0x0000000087a00000, 0x0000000087b00000, 0x0000000087b00000|100%| O|  |TAMS 0x0000000087b00000, 0x0000000087a00000| Complete 
| 123|0x0000000087b00000, 0x0000000087c00000, 0x0000000087c00000|100%| O|  |TAMS 0x0000000087c00000, 0x0000000087b00000| Complete 
| 124|0x0000000087c00000, 0x0000000087d00000, 0x0000000087d00000|100%| O|  |TAMS 0x0000000087d00000, 0x0000000087c00000| Complete 
| 125|0x0000000087d00000, 0x0000000087e00000, 0x0000000087e00000|100%| O|  |TAMS 0x0000000087e00000, 0x0000000087d00000| Complete 
| 126|0x0000000087e00000, 0x0000000087f00000, 0x0000000087f00000|100%| O|  |TAMS 0x0000000087f00000, 0x0000000087e00000| Complete 
| 127|0x0000000087f00000, 0x0000000088000000, 0x0000000088000000|100%| O|  |TAMS 0x0000000088000000, 0x0000000087f00000| Untracked 
| 128|0x0000000088000000, 0x0000000088100000, 0x0000000088100000|100%| O|  |TAMS 0x0000000088100000, 0x0000000088000000| Untracked 
| 129|0x0000000088100000, 0x0000000088200000, 0x0000000088200000|100%| O|  |TAMS 0x0000000088200000, 0x0000000088100000| Untracked 
| 130|0x0000000088200000, 0x0000000088300000, 0x0000000088300000|100%| O|  |TAMS 0x0000000088300000, 0x0000000088200000| Untracked 
| 131|0x0000000088300000, 0x0000000088400000, 0x0000000088400000|100%|HS|  |TAMS 0x0000000088300000, 0x0000000088300000| Complete 
| 132|0x0000000088400000, 0x0000000088500000, 0x0000000088500000|100%|HC|  |TAMS 0x0000000088400000, 0x0000000088400000| Complete 
| 133|0x0000000088500000, 0x0000000088600000, 0x0000000088600000|100%|HS|  |TAMS 0x0000000088500000, 0x0000000088500000| Complete 
| 134|0x0000000088600000, 0x0000000088700000, 0x0000000088700000|100%|HC|  |TAMS 0x0000000088600000, 0x0000000088600000| Complete 
| 135|0x0000000088700000, 0x0000000088800000, 0x0000000088800000|100%|HS|  |TAMS 0x0000000088700000, 0x0000000088700000| Complete 
| 136|0x0000000088800000, 0x0000000088900000, 0x0000000088900000|100%|HC|  |TAMS 0x0000000088800000, 0x0000000088800000| Complete 
| 137|0x0000000088900000, 0x0000000088a00000, 0x0000000088a00000|100%|HS|  |TAMS 0x0000000088900000, 0x0000000088900000| Complete 
| 138|0x0000000088a00000, 0x0000000088b00000, 0x0000000088b00000|100%|HC|  |TAMS 0x0000000088a00000, 0x0000000088a00000| Complete 
| 139|0x0000000088b00000, 0x0000000088c00000, 0x0000000088c00000|100%| O|  |TAMS 0x0000000088c00000, 0x0000000088b00000| Untracked 
| 140|0x0000000088c00000, 0x0000000088d00000, 0x0000000088d00000|100%|HS|  |TAMS 0x0000000088c00000, 0x0000000088c00000| Complete 
| 141|0x0000000088d00000, 0x0000000088e00000, 0x0000000088e00000|100%|HC|  |TAMS 0x0000000088d00000, 0x0000000088d00000| Complete 
| 142|0x0000000088e00000, 0x0000000088f00000, 0x0000000088f00000|100%|HS|  |TAMS 0x0000000088e00000, 0x0000000088e00000| Complete 
| 143|0x0000000088f00000, 0x0000000089000000, 0x0000000089000000|100%|HC|  |TAMS 0x0000000088f00000, 0x0000000088f00000| Complete 
| 144|0x0000000089000000, 0x0000000089100000, 0x0000000089100000|100%|HS|  |TAMS 0x0000000089000000, 0x0000000089000000| Complete 
| 145|0x0000000089100000, 0x0000000089200000, 0x0000000089200000|100%|HC|  |TAMS 0x0000000089100000, 0x0000000089100000| Complete 
| 146|0x0000000089200000, 0x0000000089300000, 0x0000000089300000|100%|HS|  |TAMS 0x0000000089200000, 0x0000000089200000| Complete 
| 147|0x0000000089300000, 0x0000000089400000, 0x0000000089400000|100%|HC|  |TAMS 0x0000000089300000, 0x0000000089300000| Complete 
| 148|0x0000000089400000, 0x0000000089500000, 0x0000000089500000|100%|HS|  |TAMS 0x0000000089400000, 0x0000000089400000| Complete 
| 149|0x0000000089500000, 0x0000000089600000, 0x0000000089600000|100%|HC|  |TAMS 0x0000000089500000, 0x0000000089500000| Complete 
| 150|0x0000000089600000, 0x0000000089700000, 0x0000000089700000|100%|HS|  |TAMS 0x0000000089600000, 0x0000000089600000| Complete 
| 151|0x0000000089700000, 0x0000000089800000, 0x0000000089800000|100%|HC|  |TAMS 0x0000000089700000, 0x0000000089700000| Complete 
| 152|0x0000000089800000, 0x0000000089900000, 0x0000000089900000|100%|HS|  |TAMS 0x0000000089800000, 0x0000000089800000| Complete 
| 153|0x0000000089900000, 0x0000000089a00000, 0x0000000089a00000|100%|HC|  |TAMS 0x0000000089900000, 0x0000000089900000| Complete 
| 154|0x0000000089a00000, 0x0000000089b00000, 0x0000000089b00000|100%|HS|  |TAMS 0x0000000089a00000, 0x0000000089a00000| Complete 
| 155|0x0000000089b00000, 0x0000000089c00000, 0x0000000089c00000|100%|HC|  |TAMS 0x0000000089b00000, 0x0000000089b00000| Complete 
| 156|0x0000000089c00000, 0x0000000089d00000, 0x0000000089d00000|100%|HS|  |TAMS 0x0000000089c00000, 0x0000000089c00000| Complete 
| 157|0x0000000089d00000, 0x0000000089e00000, 0x0000000089e00000|100%|HC|  |TAMS 0x0000000089d00000, 0x0000000089d00000| Complete 
| 158|0x0000000089e00000, 0x0000000089f00000, 0x0000000089f00000|100%|HS|  |TAMS 0x0000000089e00000, 0x0000000089e00000| Complete 
| 159|0x0000000089f00000, 0x000000008a000000, 0x000000008a000000|100%|HC|  |TAMS 0x0000000089f00000, 0x0000000089f00000| Complete 
| 160|0x000000008a000000, 0x000000008a100000, 0x000000008a100000|100%|HS|  |TAMS 0x000000008a000000, 0x000000008a000000| Complete 
| 161|0x000000008a100000, 0x000000008a200000, 0x000000008a200000|100%|HC|  |TAMS 0x000000008a100000, 0x000000008a100000| Complete 
| 162|0x000000008a200000, 0x000000008a300000, 0x000000008a300000|100%|HS|  |TAMS 0x000000008a200000, 0x000000008a200000| Complete 
| 163|0x000000008a300000, 0x000000008a400000, 0x000000008a400000|100%|HC|  |TAMS 0x000000008a300000, 0x000000008a300000| Complete 
| 164|0x000000008a400000, 0x000000008a500000, 0x000000008a500000|100%|HS|  |TAMS 0x000000008a400000, 0x000000008a400000| Complete 
| 165|0x000000008a500000, 0x000000008a600000, 0x000000008a600000|100%|HC|  |TAMS 0x000000008a500000, 0x000000008a500000| Complete 
| 166|0x000000008a600000, 0x000000008a700000, 0x000000008a700000|100%|HS|  |TAMS 0x000000008a600000, 0x000000008a600000| Complete 
| 167|0x000000008a700000, 0x000000008a800000, 0x000000008a800000|100%|HC|  |TAMS 0x000000008a700000, 0x000000008a700000| Complete 
| 168|0x000000008a800000, 0x000000008a900000, 0x000000008a900000|100%|HS|  |TAMS 0x000000008a800000, 0x000000008a800000| Complete 
| 169|0x000000008a900000, 0x000000008aa00000, 0x000000008aa00000|100%|HC|  |TAMS 0x000000008a900000, 0x000000008a900000| Complete 
| 170|0x000000008aa00000, 0x000000008ab00000, 0x000000008ab00000|100%|HS|  |TAMS 0x000000008aa00000, 0x000000008aa00000| Complete 
| 171|0x000000008ab00000, 0x000000008ac00000, 0x000000008ac00000|100%|HC|  |TAMS 0x000000008ab00000, 0x000000008ab00000| Complete 
| 172|0x000000008ac00000, 0x000000008ad00000, 0x000000008ad00000|100%|HS|  |TAMS 0x000000008ac00000, 0x000000008ac00000| Complete 
| 173|0x000000008ad00000, 0x000000008ae00000, 0x000000008ae00000|100%|HC|  |TAMS 0x000000008ad00000, 0x000000008ad00000| Complete 
| 174|0x000000008ae00000, 0x000000008af00000, 0x000000008af00000|100%|HS|  |TAMS 0x000000008ae00000, 0x000000008ae00000| Complete 
| 175|0x000000008af00000, 0x000000008b000000, 0x000000008b000000|100%|HC|  |TAMS 0x000000008af00000, 0x000000008af00000| Complete 
| 176|0x000000008b000000, 0x000000008b100000, 0x000000008b100000|100%| S|  |TAMS 0x000000008b000000, 0x000000008b000000| Complete 
| 177|0x000000008b100000, 0x000000008b200000, 0x000000008b200000|100%| S|  |TAMS 0x000000008b100000, 0x000000008b100000| Complete 
| 178|0x000000008b200000, 0x000000008b300000, 0x000000008b300000|100%| S|  |TAMS 0x000000008b200000, 0x000000008b200000| Complete 
| 179|0x000000008b300000, 0x000000008b400000, 0x000000008b400000|100%| S|  |TAMS 0x000000008b300000, 0x000000008b300000| Complete 
| 180|0x000000008b400000, 0x000000008b500000, 0x000000008b500000|100%| S|  |TAMS 0x000000008b400000, 0x000000008b400000| Complete 
| 181|0x000000008b500000, 0x000000008b600000, 0x000000008b600000|100%| S|  |TAMS 0x000000008b500000, 0x000000008b500000| Complete 
| 182|0x000000008b600000, 0x000000008b700000, 0x000000008b700000|100%| E|CS|TAMS 0x000000008b600000, 0x000000008b600000| Complete 
| 183|0x000000008b700000, 0x000000008b800000, 0x000000008b800000|100%| E|CS|TAMS 0x000000008b700000, 0x000000008b700000| Complete 
| 184|0x000000008b800000, 0x000000008b900000, 0x000000008b900000|100%| E|CS|TAMS 0x000000008b800000, 0x000000008b800000| Complete 
| 185|0x000000008b900000, 0x000000008ba00000, 0x000000008ba00000|100%| E|CS|TAMS 0x000000008b900000, 0x000000008b900000| Complete 
| 186|0x000000008ba00000, 0x000000008bb00000, 0x000000008bb00000|100%| E|CS|TAMS 0x000000008ba00000, 0x000000008ba00000| Complete 
| 187|0x000000008bb00000, 0x000000008bc00000, 0x000000008bc00000|100%| E|CS|TAMS 0x000000008bb00000, 0x000000008bb00000| Complete 
| 188|0x000000008bc00000, 0x000000008bd00000, 0x000000008bd00000|100%| E|CS|TAMS 0x000000008bc00000, 0x000000008bc00000| Complete 
| 189|0x000000008bd00000, 0x000000008be00000, 0x000000008be00000|100%| E|CS|TAMS 0x000000008bd00000, 0x000000008bd00000| Complete 
| 190|0x000000008be00000, 0x000000008bf00000, 0x000000008bf00000|100%| E|CS|TAMS 0x000000008be00000, 0x000000008be00000| Complete 
| 191|0x000000008bf00000, 0x000000008c000000, 0x000000008c000000|100%| E|CS|TAMS 0x000000008bf00000, 0x000000008bf00000| Complete 
| 192|0x000000008c000000, 0x000000008c100000, 0x000000008c100000|100%| E|CS|TAMS 0x000000008c000000, 0x000000008c000000| Complete 
| 193|0x000000008c100000, 0x000000008c200000, 0x000000008c200000|100%| E|CS|TAMS 0x000000008c100000, 0x000000008c100000| Complete 
| 194|0x000000008c200000, 0x000000008c300000, 0x000000008c300000|100%| E|CS|TAMS 0x000000008c200000, 0x000000008c200000| Complete 
| 195|0x000000008c300000, 0x000000008c400000, 0x000000008c400000|100%| E|CS|TAMS 0x000000008c300000, 0x000000008c300000| Complete 
| 196|0x000000008c400000, 0x000000008c500000, 0x000000008c500000|100%| E|CS|TAMS 0x000000008c400000, 0x000000008c400000| Complete 
| 197|0x000000008c500000, 0x000000008c600000, 0x000000008c600000|100%| E|CS|TAMS 0x000000008c500000, 0x000000008c500000| Complete 
| 198|0x000000008c600000, 0x000000008c700000, 0x000000008c700000|100%| E|CS|TAMS 0x000000008c600000, 0x000000008c600000| Complete 
| 199|0x000000008c700000, 0x000000008c800000, 0x000000008c800000|100%| E|CS|TAMS 0x000000008c700000, 0x000000008c700000| Complete 
| 200|0x000000008c800000, 0x000000008c900000, 0x000000008c900000|100%| E|CS|TAMS 0x000000008c800000, 0x000000008c800000| Complete 
| 201|0x000000008c900000, 0x000000008ca00000, 0x000000008ca00000|100%| E|CS|TAMS 0x000000008c900000, 0x000000008c900000| Complete 
| 202|0x000000008ca00000, 0x000000008cb00000, 0x000000008cb00000|100%| E|CS|TAMS 0x000000008ca00000, 0x000000008ca00000| Complete 
| 203|0x000000008cb00000, 0x000000008cc00000, 0x000000008cc00000|100%| E|CS|TAMS 0x000000008cb00000, 0x000000008cb00000| Complete 
| 204|0x000000008cc00000, 0x000000008cd00000, 0x000000008cd00000|100%| E|CS|TAMS 0x000000008cc00000, 0x000000008cc00000| Complete 
| 205|0x000000008cd00000, 0x000000008ce00000, 0x000000008ce00000|100%| E|CS|TAMS 0x000000008cd00000, 0x000000008cd00000| Complete 
| 206|0x000000008ce00000, 0x000000008cf00000, 0x000000008cf00000|100%| E|CS|TAMS 0x000000008ce00000, 0x000000008ce00000| Complete 
| 207|0x000000008cf00000, 0x000000008d000000, 0x000000008d000000|100%| E|CS|TAMS 0x000000008cf00000, 0x000000008cf00000| Complete 
| 208|0x000000008d000000, 0x000000008d100000, 0x000000008d100000|100%| E|CS|TAMS 0x000000008d000000, 0x000000008d000000| Complete 
| 209|0x000000008d100000, 0x000000008d200000, 0x000000008d200000|100%| E|CS|TAMS 0x000000008d100000, 0x000000008d100000| Complete 
| 210|0x000000008d200000, 0x000000008d300000, 0x000000008d300000|100%| E|CS|TAMS 0x000000008d200000, 0x000000008d200000| Complete 
| 211|0x000000008d300000, 0x000000008d400000, 0x000000008d400000|100%| E|CS|TAMS 0x000000008d300000, 0x000000008d300000| Complete 
| 212|0x000000008d400000, 0x000000008d500000, 0x000000008d500000|100%| E|CS|TAMS 0x000000008d400000, 0x000000008d400000| Complete 
| 213|0x000000008d500000, 0x000000008d600000, 0x000000008d600000|100%| E|CS|TAMS 0x000000008d500000, 0x000000008d500000| Complete 
| 214|0x000000008d600000, 0x000000008d700000, 0x000000008d700000|100%| E|CS|TAMS 0x000000008d600000, 0x000000008d600000| Complete 
| 215|0x000000008d700000, 0x000000008d800000, 0x000000008d800000|100%| E|CS|TAMS 0x000000008d700000, 0x000000008d700000| Complete 
| 216|0x000000008d800000, 0x000000008d900000, 0x000000008d900000|100%| E|CS|TAMS 0x000000008d800000, 0x000000008d800000| Complete 
| 217|0x000000008d900000, 0x000000008da00000, 0x000000008da00000|100%| E|CS|TAMS 0x000000008d900000, 0x000000008d900000| Complete 
| 218|0x000000008da00000, 0x000000008db00000, 0x000000008db00000|100%| E|CS|TAMS 0x000000008da00000, 0x000000008da00000| Complete 
| 219|0x000000008db00000, 0x000000008dc00000, 0x000000008dc00000|100%| E|CS|TAMS 0x000000008db00000, 0x000000008db00000| Complete 
| 220|0x000000008dc00000, 0x000000008dd00000, 0x000000008dd00000|100%| E|CS|TAMS 0x000000008dc00000, 0x000000008dc00000| Complete 
| 221|0x000000008dd00000, 0x000000008de00000, 0x000000008de00000|100%| E|CS|TAMS 0x000000008dd00000, 0x000000008dd00000| Complete 
| 222|0x000000008de00000, 0x000000008df00000, 0x000000008df00000|100%| E|CS|TAMS 0x000000008de00000, 0x000000008de00000| Complete 
| 223|0x000000008df00000, 0x000000008e000000, 0x000000008e000000|100%| E|CS|TAMS 0x000000008df00000, 0x000000008df00000| Complete 
| 224|0x000000008e000000, 0x000000008e100000, 0x000000008e100000|100%| E|CS|TAMS 0x000000008e000000, 0x000000008e000000| Complete 
| 225|0x000000008e100000, 0x000000008e200000, 0x000000008e200000|100%| E|CS|TAMS 0x000000008e100000, 0x000000008e100000| Complete 
| 226|0x000000008e200000, 0x000000008e300000, 0x000000008e300000|100%| E|CS|TAMS 0x000000008e200000, 0x000000008e200000| Complete 
| 227|0x000000008e300000, 0x000000008e400000, 0x000000008e400000|100%| E|CS|TAMS 0x000000008e300000, 0x000000008e300000| Complete 
| 228|0x000000008e400000, 0x000000008e500000, 0x000000008e500000|100%| E|CS|TAMS 0x000000008e400000, 0x000000008e400000| Complete 
| 229|0x000000008e500000, 0x000000008e600000, 0x000000008e600000|100%| E|CS|TAMS 0x000000008e500000, 0x000000008e500000| Complete 
| 230|0x000000008e600000, 0x000000008e700000, 0x000000008e700000|100%| E|CS|TAMS 0x000000008e600000, 0x000000008e600000| Complete 
| 231|0x000000008e700000, 0x000000008e800000, 0x000000008e800000|100%| E|CS|TAMS 0x000000008e700000, 0x000000008e700000| Complete 
| 232|0x000000008e800000, 0x000000008e900000, 0x000000008e900000|100%| E|CS|TAMS 0x000000008e800000, 0x000000008e800000| Complete 
| 233|0x000000008e900000, 0x000000008ea00000, 0x000000008ea00000|100%| E|CS|TAMS 0x000000008e900000, 0x000000008e900000| Complete 
| 234|0x000000008ea00000, 0x000000008eb00000, 0x000000008eb00000|100%| E|CS|TAMS 0x000000008ea00000, 0x000000008ea00000| Complete 
| 235|0x000000008eb00000, 0x000000008ec00000, 0x000000008ec00000|100%| E|CS|TAMS 0x000000008eb00000, 0x000000008eb00000| Complete 
| 236|0x000000008ec00000, 0x000000008ed00000, 0x000000008ed00000|100%| E|CS|TAMS 0x000000008ec00000, 0x000000008ec00000| Complete 
| 237|0x000000008ed00000, 0x000000008ee00000, 0x000000008ee00000|100%| E|CS|TAMS 0x000000008ed00000, 0x000000008ed00000| Complete 
| 238|0x000000008ee00000, 0x000000008ef00000, 0x000000008ef00000|100%| E|CS|TAMS 0x000000008ee00000, 0x000000008ee00000| Complete 
| 239|0x000000008ef00000, 0x000000008f000000, 0x000000008f000000|100%| E|CS|TAMS 0x000000008ef00000, 0x000000008ef00000| Complete 
| 240|0x000000008f000000, 0x000000008f100000, 0x000000008f100000|100%| E|CS|TAMS 0x000000008f000000, 0x000000008f000000| Complete 
| 241|0x000000008f100000, 0x000000008f200000, 0x000000008f200000|100%| E|CS|TAMS 0x000000008f100000, 0x000000008f100000| Complete 
| 242|0x000000008f200000, 0x000000008f300000, 0x000000008f300000|100%| E|CS|TAMS 0x000000008f200000, 0x000000008f200000| Complete 
| 243|0x000000008f300000, 0x000000008f400000, 0x000000008f400000|100%| E|CS|TAMS 0x000000008f300000, 0x000000008f300000| Complete 
| 244|0x000000008f400000, 0x000000008f500000, 0x000000008f500000|100%| E|CS|TAMS 0x000000008f400000, 0x000000008f400000| Complete 
| 245|0x000000008f500000, 0x000000008f600000, 0x000000008f600000|100%| E|CS|TAMS 0x000000008f500000, 0x000000008f500000| Complete 
| 246|0x000000008f600000, 0x000000008f700000, 0x000000008f700000|100%| E|CS|TAMS 0x000000008f600000, 0x000000008f600000| Complete 
| 247|0x000000008f700000, 0x000000008f800000, 0x000000008f800000|100%| E|CS|TAMS 0x000000008f700000, 0x000000008f700000| Complete 
| 248|0x000000008f800000, 0x000000008f900000, 0x000000008f900000|100%| E|CS|TAMS 0x000000008f800000, 0x000000008f800000| Complete 
| 249|0x000000008f900000, 0x000000008fa00000, 0x000000008fa00000|100%| E|CS|TAMS 0x000000008f900000, 0x000000008f900000| Complete 
| 250|0x000000008fa00000, 0x000000008fb00000, 0x000000008fb00000|100%| E|CS|TAMS 0x000000008fa00000, 0x000000008fa00000| Complete 
| 251|0x000000008fb00000, 0x000000008fc00000, 0x000000008fc00000|100%| E|CS|TAMS 0x000000008fb00000, 0x000000008fb00000| Complete 
| 252|0x000000008fc00000, 0x000000008fd00000, 0x000000008fd00000|100%| E|CS|TAMS 0x000000008fc00000, 0x000000008fc00000| Complete 
| 253|0x000000008fd00000, 0x000000008fd77970, 0x000000008fe00000| 46%| E|CS|TAMS 0x000000008fd00000, 0x000000008fd00000| Complete 
| 254|0x000000008fe00000, 0x000000008ff00000, 0x000000008ff00000|100%| E|CS|TAMS 0x000000008fe00000, 0x000000008fe00000| Complete 
| 255|0x000000008ff00000, 0x0000000090000000, 0x0000000090000000|100%| E|CS|TAMS 0x000000008ff00000, 0x000000008ff00000| Complete 
| 256|0x0000000090000000, 0x0000000090100000, 0x0000000090100000|100%| O|  |TAMS 0x0000000090100000, 0x0000000090000000| Complete 
| 257|0x0000000090100000, 0x0000000090200000, 0x0000000090200000|100%| E|CS|TAMS 0x0000000090100000, 0x0000000090100000| Complete 
| 258|0x0000000090200000, 0x0000000090300000, 0x0000000090300000|100%| O|  |TAMS 0x0000000090300000, 0x0000000090200000| Complete 
| 259|0x0000000090300000, 0x0000000090400000, 0x0000000090400000|100%| E|CS|TAMS 0x0000000090300000, 0x0000000090300000| Complete 
| 260|0x0000000090400000, 0x0000000090500000, 0x0000000090500000|100%| O|  |TAMS 0x0000000090500000, 0x0000000090400000| Complete 

Card table byte_map: [0x00000163b3540000,0x00000163b3940000] _byte_map_base: 0x00000163b3140000

Marking Bits (Prev, Next): (CMBitMap*) 0x00000163a03921a8, (CMBitMap*) 0x00000163a03921e0
 Prev Bits: [0x00000163b3d40000, 0x00000163b5d40000)
 Next Bits: [0x00000163b5d40000, 0x00000163b7d40000)

Polling page: 0x000001639e140000

Metaspace:

Usage:
  Non-class:    105.66 MB capacity,   103.76 MB ( 98%) used,     1.51 MB (  1%) free+waste,   388.50 KB ( <1%) overhead. 
      Class:     15.81 MB capacity,    14.70 MB ( 93%) used,   968.32 KB (  6%) free+waste,   166.56 KB (  1%) overhead. 
       Both:    121.47 MB capacity,   118.47 MB ( 98%) used,     2.46 MB (  2%) free+waste,   555.06 KB ( <1%) overhead. 

Virtual space:
  Non-class space:      108.00 MB reserved,     106.50 MB ( 99%) committed 
      Class space:        1.00 GB reserved,      16.50 MB (  2%) committed 
             Both:        1.11 GB reserved,     123.00 MB ( 11%) committed 

Chunk freelists:
   Non-Class:  865.00 KB
       Class:  672.00 KB
        Both:  1.50 MB

MaxMetaspaceSize: 17179869184.00 GB
CompressedClassSpaceSize: 1.00 GB

CodeHeap 'non-profiled nmethods': size=120000Kb used=14487Kb max_used=14487Kb free=105512Kb
 bounds [0x00000163ab8e0000, 0x00000163ac710000, 0x00000163b2e10000]
CodeHeap 'profiled nmethods': size=120000Kb used=46194Kb max_used=46194Kb free=73805Kb
 bounds [0x00000163a43b0000, 0x00000163a70f0000, 0x00000163ab8e0000]
CodeHeap 'non-nmethods': size=5760Kb used=2362Kb max_used=2424Kb free=3397Kb
 bounds [0x00000163a3e10000, 0x00000163a4080000, 0x00000163a43b0000]
 total_blobs=21397 nmethods=20423 adapters=883
 compilation: enabled
              stopped_count=0, restarted_count=0
 full_count=0

Compilation events (20 events):
Event: 3638.802 Thread 0x00000163bb0b2800 22218       1       com.android.ide.common.resources.ResourceSet::getLibraryName (5 bytes)
Event: 3638.802 Thread 0x00000163bb0b2800 nmethod 22218 0x00000163ac707a10 code [0x00000163ac707bc0, 0x00000163ac707c78]
Event: 3638.834 Thread 0x00000163bb0b2800 22220       2       java.lang.StringBuilder::append (8 bytes)
Event: 3638.835 Thread 0x00000163bb0b2800 nmethod 22220 0x00000163a70dce90 code [0x00000163a70dd040, 0x00000163a70dd168]
Event: 3638.836 Thread 0x00000163bb0b2800 22221       2       com.android.ide.common.resources.FileResourceNameValidator::getErrorTextForNameWithoutExtension (113 bytes)
Event: 3638.838 Thread 0x00000163bb0b2800 nmethod 22221 0x00000163a70dd210 code [0x00000163a70dd520, 0x00000163a70de1c8]
Event: 3638.838 Thread 0x00000163bb0b2800 22222       2       java.lang.StringLatin1$CharsSpliterator::forEachRemaining (72 bytes)
Event: 3638.838 Thread 0x00000163bb0b2800 nmethod 22222 0x00000163a70de810 code [0x00000163a70de9e0, 0x00000163a70decb8]
Event: 3638.838 Thread 0x00000163bb0b2800 22223       2       java.lang.StringLatin1$CharsSpliterator::estimateSize (11 bytes)
Event: 3638.838 Thread 0x00000163bb0b2800 nmethod 22223 0x00000163a70dee10 code [0x00000163a70defc0, 0x00000163a70df0b8]
Event: 3638.840 Thread 0x00000163bb0b2800 22224       2       com.android.ide.common.resources.ResourceMerger::getMergedResourceMergerItem (37 bytes)
Event: 3638.840 Thread 0x00000163bb0b2800 nmethod 22224 0x00000163a70df190 code [0x00000163a70df3c0, 0x00000163a70df868]
Event: 3638.840 Thread 0x00000163bb0b2800 22225       2       com.android.ide.common.resources.MergedResourceMergerItem::<init> (18 bytes)
Event: 3638.841 Thread 0x00000163bb0b2800 nmethod 22225 0x00000163a70dfb10 code [0x00000163a70dfcc0, 0x00000163a70dfe68]
Event: 3638.844 Thread 0x00000163bb0b2800 22226       2       com.google.common.collect.Sets$ImprovedAbstractSet::<init> (5 bytes)
Event: 3638.844 Thread 0x00000163bb0b2800 nmethod 22226 0x00000163a70dff90 code [0x00000163a70e0140, 0x00000163a70e0238]
Event: 3638.844 Thread 0x00000163bb0b2800 22227       2       com.google.common.collect.Maps$ViewCachingAbstractMap::entrySet (23 bytes)
Event: 3638.844 Thread 0x00000163bb0b2800 nmethod 22227 0x00000163a70e0310 code [0x00000163a70e04c0, 0x00000163a70e0668]
Event: 3638.844 Thread 0x00000163bb0b2800 22228       2       com.google.common.collect.LinkedListMultimap::asMap (5 bytes)
Event: 3638.845 Thread 0x00000163bb0b2800 nmethod 22228 0x00000163a70e0710 code [0x00000163a70e08c0, 0x00000163a70e0af8]

GC Heap History (20 events):
Event: 3549.048 GC heap after
{Heap after GC invocations=28 (full 0):
 garbage-first heap   total 267264K, used 126963K [0x0000000080000000, 0x0000000100000000)
  region size 1024K, 4 young (4096K), 4 survivors (4096K)
 Metaspace       used 118609K, capacity 121622K, committed 123648K, reserved 1157120K
  class space    used 14989K, capacity 16123K, committed 16896K, reserved 1048576K
}
Event: 3549.725 GC heap before
{Heap before GC invocations=28 (full 0):
 garbage-first heap   total 267264K, used 137203K [0x0000000080000000, 0x0000000100000000)
  region size 1024K, 13 young (13312K), 4 survivors (4096K)
 Metaspace       used 118696K, capacity 121687K, committed 123904K, reserved 1157120K
  class space    used 14989K, capacity 16123K, committed 16896K, reserved 1048576K
}
Event: 3549.742 GC heap after
{Heap after GC invocations=29 (full 0):
 garbage-first heap   total 267264K, used 112938K [0x0000000080000000, 0x0000000100000000)
  region size 1024K, 2 young (2048K), 2 survivors (2048K)
 Metaspace       used 118696K, capacity 121687K, committed 123904K, reserved 1157120K
  class space    used 14989K, capacity 16123K, committed 16896K, reserved 1048576K
}
Event: 3550.005 GC heap before
{Heap before GC invocations=29 (full 0):
 garbage-first heap   total 267264K, used 124202K [0x0000000080000000, 0x0000000100000000)
  region size 1024K, 13 young (13312K), 2 survivors (2048K)
 Metaspace       used 118712K, capacity 121751K, committed 123904K, reserved 1157120K
  class space    used 14989K, capacity 16123K, committed 16896K, reserved 1048576K
}
Event: 3550.012 GC heap after
{Heap after GC invocations=30 (full 0):
 garbage-first heap   total 267264K, used 114458K [0x0000000080000000, 0x0000000100000000)
  region size 1024K, 2 young (2048K), 2 survivors (2048K)
 Metaspace       used 118712K, capacity 121751K, committed 123904K, reserved 1157120K
  class space    used 14989K, capacity 16123K, committed 16896K, reserved 1048576K
}
Event: 3550.785 GC heap before
{Heap before GC invocations=30 (full 0):
 garbage-first heap   total 267264K, used 193306K [0x0000000080000000, 0x0000000100000000)
  region size 1024K, 80 young (81920K), 2 survivors (2048K)
 Metaspace       used 119457K, capacity 122528K, committed 124672K, reserved 1157120K
  class space    used 15005K, capacity 16140K, committed 16896K, reserved 1048576K
}
Event: 3550.797 GC heap after
{Heap after GC invocations=31 (full 0):
 garbage-first heap   total 267264K, used 124787K [0x0000000080000000, 0x0000000100000000)
  region size 1024K, 11 young (11264K), 11 survivors (11264K)
 Metaspace       used 119457K, capacity 122528K, committed 124672K, reserved 1157120K
  class space    used 15005K, capacity 16140K, committed 16896K, reserved 1048576K
}
Event: 3551.110 GC heap before
{Heap before GC invocations=32 (full 0):
 garbage-first heap   total 267264K, used 207731K [0x0000000080000000, 0x0000000100000000)
  region size 1024K, 89 young (91136K), 11 survivors (11264K)
 Metaspace       used 120189K, capacity 123222K, committed 125184K, reserved 1157120K
  class space    used 15021K, capacity 16156K, committed 16896K, reserved 1048576K
}
Event: 3551.127 GC heap after
{Heap after GC invocations=33 (full 0):
 garbage-first heap   total 267264K, used 135144K [0x0000000080000000, 0x0000000100000000)
  region size 1024K, 11 young (11264K), 11 survivors (11264K)
 Metaspace       used 120189K, capacity 123222K, committed 125184K, reserved 1157120K
  class space    used 15021K, capacity 16156K, committed 16896K, reserved 1048576K
}
Event: 3551.136 GC heap before
{Heap before GC invocations=33 (full 0):
 garbage-first heap   total 267264K, used 136168K [0x0000000080000000, 0x0000000100000000)
  region size 1024K, 13 young (13312K), 11 survivors (11264K)
 Metaspace       used 120189K, capacity 123222K, committed 125184K, reserved 1157120K
  class space    used 15021K, capacity 16156K, committed 16896K, reserved 1048576K
}
Event: 3551.151 GC heap after
{Heap after GC invocations=34 (full 0):
 garbage-first heap   total 267264K, used 131120K [0x0000000080000000, 0x0000000100000000)
  region size 1024K, 2 young (2048K), 2 survivors (2048K)
 Metaspace       used 120189K, capacity 123222K, committed 125184K, reserved 1157120K
  class space    used 15021K, capacity 16156K, committed 16896K, reserved 1048576K
}
Event: 3551.234 GC heap before
{Heap before GC invocations=34 (full 0):
 garbage-first heap   total 267264K, used 146480K [0x0000000080000000, 0x0000000100000000)
  region size 1024K, 19 young (19456K), 2 survivors (2048K)
 Metaspace       used 120303K, capacity 123361K, committed 125184K, reserved 1157120K
  class space    used 15021K, capacity 16156K, committed 16896K, reserved 1048576K
}
Event: 3551.239 GC heap after
{Heap after GC invocations=35 (full 0):
 garbage-first heap   total 267264K, used 132383K [0x0000000080000000, 0x0000000100000000)
  region size 1024K, 3 young (3072K), 3 survivors (3072K)
 Metaspace       used 120303K, capacity 123361K, committed 125184K, reserved 1157120K
  class space    used 15021K, capacity 16156K, committed 16896K, reserved 1048576K
}
Event: 3551.808 GC heap before
{Heap before GC invocations=36 (full 0):
 garbage-first heap   total 267264K, used 207135K [0x0000000080000000, 0x0000000100000000)
  region size 1024K, 73 young (74752K), 3 survivors (3072K)
 Metaspace       used 120895K, capacity 124033K, committed 125696K, reserved 1159168K
  class space    used 15037K, capacity 16175K, committed 16896K, reserved 1048576K
}
Event: 3551.814 GC heap after
{Heap after GC invocations=37 (full 0):
 garbage-first heap   total 267264K, used 132565K [0x0000000080000000, 0x0000000100000000)
  region size 1024K, 2 young (2048K), 2 survivors (2048K)
 Metaspace       used 120895K, capacity 124033K, committed 125696K, reserved 1159168K
  class space    used 15037K, capacity 16175K, committed 16896K, reserved 1048576K
}
Event: 3551.900 GC heap before
{Heap before GC invocations=37 (full 0):
 garbage-first heap   total 267264K, used 143829K [0x0000000080000000, 0x0000000100000000)
  region size 1024K, 13 young (13312K), 2 survivors (2048K)
 Metaspace       used 120927K, capacity 124040K, committed 125696K, reserved 1159168K
  class space    used 15042K, capacity 16177K, committed 16896K, reserved 1048576K
}
Event: 3551.916 GC heap after
{Heap after GC invocations=38 (full 0):
 garbage-first heap   total 267264K, used 119746K [0x0000000080000000, 0x0000000100000000)
  region size 1024K, 1 young (1024K), 1 survivors (1024K)
 Metaspace       used 120927K, capacity 124040K, committed 125696K, reserved 1159168K
  class space    used 15042K, capacity 16177K, committed 16896K, reserved 1048576K
}
Event: 3551.934 GC heap before
{Heap before GC invocations=38 (full 0):
 garbage-first heap   total 267264K, used 121794K [0x0000000080000000, 0x0000000100000000)
  region size 1024K, 5 young (5120K), 1 survivors (1024K)
 Metaspace       used 120929K, capacity 124040K, committed 125696K, reserved 1159168K
  class space    used 15042K, capacity 16177K, committed 16896K, reserved 1048576K
}
Event: 3551.938 GC heap after
{Heap after GC invocations=39 (full 0):
 garbage-first heap   total 267264K, used 119689K [0x0000000080000000, 0x0000000100000000)
  region size 1024K, 1 young (1024K), 1 survivors (1024K)
 Metaspace       used 120929K, capacity 124040K, committed 125696K, reserved 1159168K
  class space    used 15042K, capacity 16177K, committed 16896K, reserved 1048576K
}
Event: 3638.881 GC heap before
{Heap before GC invocations=40 (full 0):
 garbage-first heap   total 267264K, used 254857K [0x0000000080000000, 0x0000000100000000)
  region size 1024K, 76 young (77824K), 1 survivors (1024K)
 Metaspace       used 121309K, capacity 124383K, committed 125952K, reserved 1159168K
  class space    used 15057K, capacity 16192K, committed 16896K, reserved 1048576K
}

Deoptimization events (20 events):
Event: 3638.309 Thread 0x00000163c026c800 Uncommon trap: trap_request=0xffffffd6 fr.pc=0x00000163ac4503a8 relative=0x0000000000000b88
Event: 3638.309 Thread 0x00000163c026c800 Uncommon trap: reason=array_check action=maybe_recompile pc=0x00000163ac4503a8 method=com.google.common.collect.ImmutableSet.construct(I[Ljava/lang/Object;)Lcom/google/common/collect/ImmutableSet; @ 122 c2
Event: 3638.309 Thread 0x00000163c026c800 DEOPT PACKING pc=0x00000163ac4503a8 sp=0x000000306bff6960
Event: 3638.309 Thread 0x00000163c026c800 DEOPT UNPACKING pc=0x00000163a3e183af sp=0x000000306bff68f8 mode 2
Event: 3638.700 Thread 0x00000163c0344000 Uncommon trap: trap_request=0xffffff4d fr.pc=0x00000163ac4888f4 relative=0x0000000000001e94
Event: 3638.700 Thread 0x00000163c0344000 Uncommon trap: reason=unstable_if action=reinterpret pc=0x00000163ac4888f4 method=org.apache.xerces.impl.XMLNSDocumentScannerImpl.scanAttribute(Lorg/apache/xerces/util/XMLAttributesImpl;)V @ 268 c2
Event: 3638.700 Thread 0x00000163c0344000 DEOPT PACKING pc=0x00000163ac4888f4 sp=0x000000306e6f9ec0
Event: 3638.700 Thread 0x00000163c0344000 DEOPT UNPACKING pc=0x00000163a3e183af sp=0x000000306e6f9e98 mode 2
Event: 3638.700 Thread 0x00000163c0344000 Uncommon trap: trap_request=0xffffff4d fr.pc=0x00000163ac47211c relative=0x00000000000006dc
Event: 3638.700 Thread 0x00000163c0344000 Uncommon trap: reason=unstable_if action=reinterpret pc=0x00000163ac47211c method=org.apache.xerces.util.XMLAttributesImpl.addAttributeNS(Lorg/apache/xerces/xni/QName;Ljava/lang/String;Ljava/lang/String;)V @ 22 c2
Event: 3638.700 Thread 0x00000163c0344000 DEOPT PACKING pc=0x00000163ac47211c sp=0x000000306e6f9ea0
Event: 3638.700 Thread 0x00000163c0344000 DEOPT UNPACKING pc=0x00000163a3e183af sp=0x000000306e6f9e60 mode 2
Event: 3638.735 Thread 0x00000163c0344000 Uncommon trap: trap_request=0xffffff4d fr.pc=0x00000163ac473bf4 relative=0x00000000000014d4
Event: 3638.735 Thread 0x00000163c0344000 Uncommon trap: reason=unstable_if action=reinterpret pc=0x00000163ac473bf4 method=org.apache.xerces.impl.XMLScanner.scanAttributeValue(Lorg/apache/xerces/xni/XMLString;Lorg/apache/xerces/xni/XMLString;Ljava/lang/String;ZLjava/lang/String;)Z @ 642 c2
Event: 3638.735 Thread 0x00000163c0344000 DEOPT PACKING pc=0x00000163ac473bf4 sp=0x000000306e6f9dd0
Event: 3638.735 Thread 0x00000163c0344000 DEOPT UNPACKING pc=0x00000163a3e183af sp=0x000000306e6f9d70 mode 2
Event: 3638.781 Thread 0x00000163c0344000 Uncommon trap: trap_request=0xffffff4d fr.pc=0x00000163ac4abd64 relative=0x0000000000002424
Event: 3638.781 Thread 0x00000163c0344000 Uncommon trap: reason=unstable_if action=reinterpret pc=0x00000163ac4abd64 method=org.apache.xerces.dom.DeferredAttrNSImpl.synchronizeData()V @ 36 c2
Event: 3638.781 Thread 0x00000163c0344000 DEOPT PACKING pc=0x00000163ac4abd64 sp=0x000000306e6fa5a0
Event: 3638.781 Thread 0x00000163c0344000 DEOPT UNPACKING pc=0x00000163a3e183af sp=0x000000306e6fa468 mode 2

Classes redefined (0 events):
No events

Internal exceptions (20 events):
Event: 3550.707 Thread 0x00000163c2146800 Exception <a 'sun/nio/fs/WindowsException'{0x000000008ba6c508}> (0x000000008ba6c508) thrown at [./src/hotspot/share/prims/jni.cpp, line 615]
Event: 3550.710 Thread 0x00000163c2146800 Exception <a 'sun/nio/fs/WindowsException'{0x000000008ba7cae0}> (0x000000008ba7cae0) thrown at [./src/hotspot/share/prims/jni.cpp, line 615]
Event: 3550.712 Thread 0x00000163c2146800 Exception <a 'sun/nio/fs/WindowsException'{0x000000008ba93410}> (0x000000008ba93410) thrown at [./src/hotspot/share/prims/jni.cpp, line 615]
Event: 3550.762 Thread 0x00000163c033c800 Exception <a 'java/lang/NoSuchMethodError'{0x000000008b6197b0}: <clinit>> (0x000000008b6197b0) thrown at [./src/hotspot/share/prims/jni.cpp, line 1362]
Event: 3550.809 Thread 0x00000163c2146800 Exception <a 'sun/nio/fs/WindowsException'{0x0000000090348b58}> (0x0000000090348b58) thrown at [./src/hotspot/share/prims/jni.cpp, line 615]
Event: 3550.815 Thread 0x00000163c2146800 Exception <a 'java/lang/NoSuchMethodError'{0x000000009037b9f8}: <clinit>> (0x000000009037b9f8) thrown at [./src/hotspot/share/prims/jni.cpp, line 1362]
Event: 3551.401 Thread 0x00000163bdb82000 Exception <a 'sun/nio/fs/WindowsException'{0x000000008f8b2c58}> (0x000000008f8b2c58) thrown at [./src/hotspot/share/prims/jni.cpp, line 615]
Event: 3551.451 Thread 0x00000163bd87e800 Exception <a 'sun/nio/fs/WindowsException'{0x000000008fde1970}> (0x000000008fde1970) thrown at [./src/hotspot/share/prims/jni.cpp, line 615]
Event: 3551.487 Thread 0x00000163bd87e800 Exception <a 'sun/nio/fs/WindowsException'{0x000000008e6f13a0}> (0x000000008e6f13a0) thrown at [./src/hotspot/share/prims/jni.cpp, line 615]
Event: 3551.512 Thread 0x00000163c0270000 Exception <a 'sun/nio/fs/WindowsException'{0x000000008ea7b970}> (0x000000008ea7b970) thrown at [./src/hotspot/share/prims/jni.cpp, line 615]
Event: 3551.551 Thread 0x00000163c026e800 Exception <a 'sun/nio/fs/WindowsException'{0x000000008d90ce90}> (0x000000008d90ce90) thrown at [./src/hotspot/share/prims/jni.cpp, line 615]
Event: 3551.561 Thread 0x00000163c0270000 Exception <a 'sun/nio/fs/WindowsException'{0x000000008d774350}> (0x000000008d774350) thrown at [./src/hotspot/share/prims/jni.cpp, line 615]
Event: 3551.674 Thread 0x00000163bdb82000 Exception <a 'sun/nio/fs/WindowsException'{0x000000008c3e8a48}> (0x000000008c3e8a48) thrown at [./src/hotspot/share/prims/jni.cpp, line 615]
Event: 3551.691 Thread 0x00000163c026e800 Exception <a 'sun/nio/fs/WindowsException'{0x000000008c121058}> (0x000000008c121058) thrown at [./src/hotspot/share/prims/jni.cpp, line 615]
Event: 3638.183 Thread 0x00000163c026c800 Exception <a 'sun/nio/fs/WindowsException'{0x000000008e36ac08}> (0x000000008e36ac08) thrown at [./src/hotspot/share/prims/jni.cpp, line 615]
Event: 3638.273 Thread 0x00000163c026c800 Exception <a 'sun/nio/fs/WindowsException'{0x000000008de339e8}> (0x000000008de339e8) thrown at [./src/hotspot/share/prims/jni.cpp, line 615]
Event: 3638.281 Thread 0x00000163c026c800 Exception <a 'sun/nio/fs/WindowsException'{0x000000008ded60f0}> (0x000000008ded60f0) thrown at [./src/hotspot/share/prims/jni.cpp, line 615]
Event: 3638.281 Thread 0x00000163c026c800 Exception <a 'sun/nio/fs/WindowsException'{0x000000008ded71c0}> (0x000000008ded71c0) thrown at [./src/hotspot/share/prims/jni.cpp, line 615]
Event: 3638.282 Thread 0x00000163c026c800 Exception <a 'sun/nio/fs/WindowsException'{0x000000008ded82e0}> (0x000000008ded82e0) thrown at [./src/hotspot/share/prims/jni.cpp, line 615]
Event: 3638.282 Thread 0x00000163c026c800 Exception <a 'sun/nio/fs/WindowsException'{0x000000008ded9400}> (0x000000008ded9400) thrown at [./src/hotspot/share/prims/jni.cpp, line 615]

Events (20 events):
Event: 3638.649 Executing VM operation: RevokeBias done
Event: 3638.649 Executing VM operation: RevokeBias
Event: 3638.649 Executing VM operation: RevokeBias done
Event: 3638.649 Executing VM operation: RevokeBias
Event: 3638.649 Executing VM operation: RevokeBias done
Event: 3638.649 Executing VM operation: RevokeBias
Event: 3638.649 Executing VM operation: RevokeBias done
Event: 3638.650 Executing VM operation: RevokeBias
Event: 3638.650 Executing VM operation: RevokeBias done
Event: 3638.656 Executing VM operation: RevokeBias
Event: 3638.656 Executing VM operation: RevokeBias done
Event: 3638.671 Executing VM operation: RevokeBias
Event: 3638.671 Executing VM operation: RevokeBias done
Event: 3638.672 Executing VM operation: RevokeBias
Event: 3638.672 Executing VM operation: RevokeBias done
Event: 3638.672 Executing VM operation: RevokeBias
Event: 3638.672 Executing VM operation: RevokeBias done
Event: 3638.672 Executing VM operation: RevokeBias
Event: 3638.672 Executing VM operation: RevokeBias done
Event: 3638.881 Executing VM operation: G1CollectForAllocation


Dynamic libraries:
0x00007ff6f2980000 - 0x00007ff6f298a000 	C:\Program Files\Android\Android Studio\jre\bin\java.exe
0x00007ffc30e70000 - 0x00007ffc31068000 	C:\Windows\SYSTEM32\ntdll.dll
0x00007ffc30a10000 - 0x00007ffc30acd000 	C:\Windows\System32\KERNEL32.DLL
0x00007ffc2e720000 - 0x00007ffc2ea16000 	C:\Windows\System32\KERNELBASE.dll
0x00007ffc2ed50000 - 0x00007ffc2ee50000 	C:\Windows\System32\ucrtbase.dll
0x00007ffc1a9b0000 - 0x00007ffc1a9c9000 	C:\Program Files\Android\Android Studio\jre\bin\jli.dll
0x00007ffc2fed0000 - 0x00007ffc3006e000 	C:\Windows\System32\USER32.dll
0x00007ffc2ea20000 - 0x00007ffc2ea42000 	C:\Windows\System32\win32u.dll
0x00007ffc30090000 - 0x00007ffc300bb000 	C:\Windows\System32\GDI32.dll
0x00007ffc2ebc0000 - 0x00007ffc2ecd7000 	C:\Windows\System32\gdi32full.dll
0x00007ffc2e520000 - 0x00007ffc2e5bd000 	C:\Windows\System32\msvcp_win.dll
0x00007ffc1a820000 - 0x00007ffc1a837000 	C:\Program Files\Android\Android Studio\jre\bin\VCRUNTIME140.dll
0x00007ffc221e0000 - 0x00007ffc2247a000 	C:\Windows\WinSxS\amd64_microsoft.windows.common-controls_6595b64144ccf1df_6.0.19041.3636_none_60b6a03d71f818d5\COMCTL32.dll
0x00007ffc2eea0000 - 0x00007ffc2ef3e000 	C:\Windows\System32\msvcrt.dll
0x00007ffc2eff0000 - 0x00007ffc2f022000 	C:\Windows\System32\IMM32.DLL
0x00007ffbf1b40000 - 0x00007ffbf1c9f000 	C:\Program Files (x86)\Citrix\ICA Client\epclient64.dll
0x00007ffc2eae0000 - 0x00007ffc2eb07000 	C:\Windows\System32\bcrypt.dll
0x00007ffc22de0000 - 0x00007ffc22dea000 	C:\Windows\SYSTEM32\VERSION.dll
0x00007ffc30840000 - 0x00007ffc308f0000 	C:\Windows\System32\ADVAPI32.dll
0x00007ffc2f230000 - 0x00007ffc2f2d0000 	C:\Windows\System32\sechost.dll
0x00007ffc2f100000 - 0x00007ffc2f225000 	C:\Windows\System32\RPCRT4.dll
0x00007ffc2d690000 - 0x00007ffc2d6c3000 	C:\Windows\SYSTEM32\ntmarta.dll
0x00007ffc2c370000 - 0x00007ffc2c382000 	C:\Windows\SYSTEM32\kernel.appcore.dll
0x00007ffc170d0000 - 0x00007ffc1716d000 	C:\Program Files\Android\Android Studio\jre\bin\msvcp140.dll
0x00007ffc0da60000 - 0x00007ffc0e52f000 	C:\Program Files\Android\Android Studio\jre\bin\server\jvm.dll
0x00007ffc309a0000 - 0x00007ffc309a8000 	C:\Windows\System32\PSAPI.DLL
0x00007ffc01250000 - 0x00007ffc01259000 	C:\Windows\SYSTEM32\WSOCK32.dll
0x000001639fa00000 - 0x000001639fa6b000 	C:\Windows\System32\WS2_32.dll
0x00007ffc02cc0000 - 0x00007ffc02ce7000 	C:\Windows\SYSTEM32\WINMM.dll
0x00007ffc1a740000 - 0x00007ffc1a751000 	C:\Program Files\Android\Android Studio\jre\bin\verify.dll
0x00007ffc29cb0000 - 0x00007ffc29e94000 	C:\Windows\SYSTEM32\DBGHELP.DLL
0x00007ffc217d0000 - 0x00007ffc21804000 	C:\Windows\SYSTEM32\dbgcore.DLL
0x000001639fa70000 - 0x000001639faf2000 	C:\Windows\System32\bcryptPrimitives.dll
0x00007ffc1a710000 - 0x00007ffc1a739000 	C:\Program Files\Android\Android Studio\jre\bin\java.dll
0x00007ffc29a80000 - 0x00007ffc29a8b000 	C:\Program Files\Android\Android Studio\jre\bin\jimage.dll
0x00007ffc1a6f0000 - 0x00007ffc1a708000 	C:\Program Files\Android\Android Studio\jre\bin\zip.dll
0x00007ffc2f760000 - 0x00007ffc2fecb000 	C:\Windows\System32\SHELL32.dll
0x00007ffc2c590000 - 0x00007ffc2cd2e000 	C:\Windows\SYSTEM32\windows.storage.dll
0x00007ffc30ad0000 - 0x00007ffc30e23000 	C:\Windows\System32\combase.dll
0x00007ffc2df50000 - 0x00007ffc2df7e000 	C:\Windows\SYSTEM32\Wldp.dll
0x00000163bb3d0000 - 0x00000163bb49d000 	C:\Windows\System32\OLEAUT32.dll
0x00007ffc2ef40000 - 0x00007ffc2efed000 	C:\Windows\System32\SHCORE.dll
0x00000163bb4a0000 - 0x00000163bb4f5000 	C:\Windows\System32\shlwapi.dll
0x00007ffc2e450000 - 0x00007ffc2e475000 	C:\Windows\SYSTEM32\profapi.dll
0x00007ffc1a6d0000 - 0x00007ffc1a6ea000 	C:\Program Files\Android\Android Studio\jre\bin\net.dll
0x00007ffc28fa0000 - 0x00007ffc290aa000 	C:\Windows\SYSTEM32\WINHTTP.dll
0x00007ffc2dcb0000 - 0x00007ffc2dd1a000 	C:\Windows\system32\mswsock.dll
0x00007ffc1a6b0000 - 0x00007ffc1a6c4000 	C:\Program Files\Android\Android Studio\jre\bin\nio.dll
0x00007ffc16570000 - 0x00007ffc16597000 	C:\Users\ageci\.gradle\native\8bec1ad78214c89d9ad589b4d07fe93259594b29d510b10fafb7a158f7737e5d\windows-amd64\native-platform.dll
0x00007ffc0b9a0000 - 0x00007ffc0badd000 	C:\Users\ageci\.gradle\native\53dbd7edfb1c66fb8903c78663c9afc45aea4f116125fa6feffd364cf09443e8\windows-amd64\native-platform-file-events.dll
0x00007ffc29a40000 - 0x00007ffc29a4a000 	C:\Program Files\Android\Android Studio\jre\bin\management.dll
0x00007ffc29a20000 - 0x00007ffc29a2c000 	C:\Program Files\Android\Android Studio\jre\bin\management_ext.dll
0x00007ffc2dea0000 - 0x00007ffc2deb8000 	C:\Windows\SYSTEM32\CRYPTSP.dll
0x00007ffc2d550000 - 0x00007ffc2d584000 	C:\Windows\system32\rsaenh.dll
0x00007ffc2e410000 - 0x00007ffc2e43e000 	C:\Windows\SYSTEM32\USERENV.dll
0x00007ffc2dec0000 - 0x00007ffc2decc000 	C:\Windows\SYSTEM32\CRYPTBASE.dll
0x00007ffc2d950000 - 0x00007ffc2d98b000 	C:\Windows\SYSTEM32\IPHLPAPI.DLL
0x00000163a02f0000 - 0x00000163a02f8000 	C:\Windows\System32\NSI.dll
0x00007ffc251c0000 - 0x00007ffc251d7000 	C:\Windows\SYSTEM32\dhcpcsvc6.DLL
0x00007ffc25180000 - 0x00007ffc2519d000 	C:\Windows\SYSTEM32\dhcpcsvc.DLL
0x00007ffc2d990000 - 0x00007ffc2da5b000 	C:\Windows\SYSTEM32\DNSAPI.dll
0x00007ffc1a460000 - 0x00007ffc1a487000 	C:\Program Files\Android\Android Studio\jre\bin\sunec.dll

dbghelp: loaded successfully - version: 4.0.5 - missing functions: none
symbol engine: initialized successfully - sym options: 0x614 - pdb path: .;C:\Program Files\Android\Android Studio\jre\bin;C:\Windows\SYSTEM32;C:\Windows\WinSxS\amd64_microsoft.windows.common-controls_6595b64144ccf1df_6.0.19041.3636_none_60b6a03d71f818d5;C:\Program Files (x86)\Citrix\ICA Client;C:\Program Files\Android\Android Studio\jre\bin\server;C:\Users\ageci\.gradle\native\8bec1ad78214c89d9ad589b4d07fe93259594b29d510b10fafb7a158f7737e5d\windows-amd64;C:\Users\ageci\.gradle\native\53dbd7edfb1c66fb8903c78663c9afc45aea4f116125fa6feffd364cf09443e8\windows-amd64

VM Arguments:
jvm_args: --add-opens=java.base/java.util=ALL-UNNAMED --add-opens=java.base/java.lang=ALL-UNNAMED --add-opens=java.base/java.lang.invoke=ALL-UNNAMED --add-opens=java.base/java.util=ALL-UNNAMED --add-opens=java.prefs/java.util.prefs=ALL-UNNAMED --add-opens=java.prefs/java.util.prefs=ALL-UNNAMED --add-opens=java.base/java.nio.charset=ALL-UNNAMED --add-opens=java.base/java.net=ALL-UNNAMED --add-opens=java.base/java.util.concurrent.atomic=ALL-UNNAMED -Xmx2048m -Dfile.encoding=UTF-8 -Duser.country=GB -Duser.language=en -Duser.variant 
java_command: org.gradle.launcher.daemon.bootstrap.GradleDaemon 7.0.2
java_class_path (initial): C:\Users\ageci\.gradle\wrapper\dists\gradle-7.0.2-bin\857tjihv64xamwrf0h14cai3r\gradle-7.0.2\lib\gradle-launcher-7.0.2.jar
Launcher Type: SUN_STANDARD

[Global flags]
     intx CICompilerCount                          = 4                                         {product} {ergonomic}
     uint ConcGCThreads                            = 2                                         {product} {ergonomic}
     uint G1ConcRefinementThreads                  = 8                                         {product} {ergonomic}
   size_t G1HeapRegionSize                         = 1048576                                   {product} {ergonomic}
    uintx GCDrainStackTargetSize                   = 64                                        {product} {ergonomic}
   size_t InitialHeapSize                          = 266338304                                 {product} {ergonomic}
   size_t MarkStackSize                            = 4194304                                   {product} {ergonomic}
   size_t MaxHeapSize                              = 2147483648                                {product} {command line}
   size_t MaxNewSize                               = 1287651328                                {product} {ergonomic}
   size_t MinHeapDeltaBytes                        = 1048576                                   {product} {ergonomic}
    uintx NonNMethodCodeHeapSize                   = 5836300                                {pd product} {ergonomic}
    uintx NonProfiledCodeHeapSize                  = 122910970                              {pd product} {ergonomic}
    uintx ProfiledCodeHeapSize                     = 122910970                              {pd product} {ergonomic}
    uintx ReservedCodeCacheSize                    = 251658240                              {pd product} {ergonomic}
     bool SegmentedCodeCache                       = true                                      {product} {ergonomic}
     bool UseCompressedClassPointers               = true                                 {lp64_product} {ergonomic}
     bool UseCompressedOops                        = true                                 {lp64_product} {ergonomic}
     bool UseG1GC                                  = true                                      {product} {ergonomic}
     bool UseLargePagesIndividualAllocation        = false                                  {pd product} {ergonomic}

Logging:
Log output configuration:
 #0: stdout all=warning uptime,level,tags
 #1: stderr all=off uptime,level,tags

Environment Variables:
PATH=C:\Windows\system32;C:\Windows;C:\Windows\System32\Wbem;C:\Windows\System32\WindowsPowerShell\v1.0\;C:\Windows\System32\OpenSSH\;C:\Program Files\MATLAB\R2022a\bin;C:\Users\ageci\AppData\Local\Microsoft\WindowsApps;C:\Users\ageci\AppData\Local\GitHubDesktop\bin
USERNAME=ageci
OS=Windows_NT
PROCESSOR_IDENTIFIER=Intel64 Family 6 Model 140 Stepping 1, GenuineIntel



---------------  S Y S T E M  ---------------

OS: Windows 10 , 64 bit Build 19041 (10.0.19041.3636)
OS uptime: 4 days 7:02 hours
Hyper-V role detected

CPU:total 8 (initial active 8) (4 cores per cpu, 2 threads per core) family 6 model 140 stepping 1 microcode 0x52, cmov, cx8, fxsr, mmx, sse, sse2, sse3, ssse3, sse4.1, sse4.2, popcnt, avx, avx2, aes, clmul, erms, 3dnowpref, lzcnt, ht, tsc, tscinvbit, bmi1, bmi2, adx, evex, sha, fma

Memory: 4k page, system-wide physical 16183M (338M free)
TotalPageFile size 65335M (AvailPageFile size 5M)
current process WorkingSet (physical memory assigned to process): 535M, peak: 584M
current process commit charge ("private bytes"): 642M, peak: 658M

vm_info: OpenJDK 64-Bit Server VM (11.0.10+0-b96-7249189) for windows-amd64 JRE (11.0.10+0-b96-7249189), built on Mar 31 2021 21:44:00 by "builder" with MS VC++ 14.0 (VS2015)

END.
